#
# There is insufficient memory for the Java Runtime Environment to continue.
# Native memory allocation (malloc) failed to allocate 223536 bytes. Error detail: Chunk::new
# Possible reasons:
#   The system is out of physical RAM or swap space
#   This process is running with CompressedOops enabled, and the Java Heap may be blocking the growth of the native heap
# Possible solutions:
#   Reduce memory load on the system
#   Increase physical memory or swap space
#   Check if swap backing store is full
#   Decrease Java heap size (-Xmx/-Xms)
#   Decrease number of Java threads
#   Decrease Java thread stack sizes (-Xss)
#   Set larger code cache with -XX:ReservedCodeCacheSize=
#   JVM is running with Unscaled Compressed Oops mode in which the Java heap is
#     placed in the first 4GB address space. The Java Heap base address is the
#     maximum limit for the native heap growth. Please use -XX:HeapBaseMinAddress
#     to set the Java Heap base and to place the Java Heap above 4GB virtual address.
# This output file may be truncated or incomplete.
#
#  Out of Memory Error (arena.cpp:168), pid=1644, tid=4852
#
# JRE version: OpenJDK Runtime Environment Temurin-21.0.10+7 (21.0.10+7) (build 21.0.10+7-LTS)
# Java VM: OpenJDK 64-Bit Server VM Temurin-21.0.10+7 (21.0.10+7-LTS, mixed mode, sharing, tiered, compressed oops, compressed class ptrs, g1 gc, windows-amd64)
# No core dump will be written. Minidumps are not enabled by default on client versions of Windows
#

---------------  S U M M A R Y ------------

Command Line: --add-opens=java.base/java.util=ALL-UNNAMED --add-opens=java.base/java.lang=ALL-UNNAMED --add-opens=java.base/java.lang.invoke=ALL-UNNAMED --add-opens=java.prefs/java.util.prefs=ALL-UNNAMED --add-opens=java.base/java.nio.charset=ALL-UNNAMED --add-opens=java.base/java.net=ALL-UNNAMED --add-opens=java.base/java.util.concurrent.atomic=ALL-UNNAMED -XX:MaxMetaspaceSize=384m -XX:+HeapDumpOnOutOfMemoryError -Xms256m -Xmx512m -Dfile.encoding=utf8 -Duser.country=IN -Duser.language=en -Duser.variant -javaagent:C:\Users\harsh\.gradle\wrapper\dists\gradle-8.8-all\6gdy1pgp427xkqcjbxw3ylt6h\gradle-8.8\lib\agents\gradle-instrumentation-agent-8.8.jar org.gradle.launcher.daemon.bootstrap.GradleDaemon 8.8

Host: AMD Ryzen 5 5600H with Radeon Graphics         , 12 cores, 7G,  Windows 11 , 64 bit Build 26100 (10.0.26100.8115)
Time: Tue Apr  7 21:57:19 2026 India Standard Time elapsed time: 36.396842 seconds (0d 0h 0m 36s)

---------------  T H R E A D  ---------------

Current thread (0x0000026c80045810):  JavaThread "C2 CompilerThread0" daemon [_thread_in_native, id=4852, stack(0x000000cb6b100000,0x000000cb6b200000) (1024K)]


Current CompileTask:
C2:36397 8034       4       sun.security.provider.MD5::implCompress0 (1407 bytes)

Stack: [0x000000cb6b100000,0x000000cb6b200000]
Native frames: (J=compiled Java code, j=interpreted, Vv=VM code, C=native code)
V  [jvm.dll+0x6d7a39]
V  [jvm.dll+0x8b4b26]
V  [jvm.dll+0x8b70de]
V  [jvm.dll+0x8b77c3]
V  [jvm.dll+0x284346]
V  [jvm.dll+0xc66ed]
V  [jvm.dll+0xc6c31]
V  [jvm.dll+0x3bec3b]
V  [jvm.dll+0x1e3bc4]
V  [jvm.dll+0x24c6b3]
V  [jvm.dll+0x24bb40]
V  [jvm.dll+0x1cb34e]
V  [jvm.dll+0x25b85d]
V  [jvm.dll+0x259dea]
V  [jvm.dll+0x3f857e]
V  [jvm.dll+0x85f59d]
V  [jvm.dll+0x6d626d]
C  [ucrtbase.dll+0x37b0]
C  [KERNEL32.DLL+0x2e8d7]
C  [ntdll.dll+0x8c3fc]


---------------  P R O C E S S  ---------------

Threads class SMR info:
_java_thread_list=0x0000026c829e8600, length=72, elements={
0x0000026cd0e90dd0, 0x0000026c800004a0, 0x0000026c80003b80, 0x0000026c80009760,
0x0000026c8002c590, 0x0000026c8002dc90, 0x0000026c80030e80, 0x0000026c80045810,
0x0000026c8004f8c0, 0x0000026c802494e0, 0x0000026c802aaf10, 0x0000026c818a58b0,
0x0000026c8186d710, 0x0000026c80574e10, 0x0000026c80449d10, 0x0000026c8044c390,
0x0000026c8041f840, 0x0000026c80420dc0, 0x0000026c80204ad0, 0x0000026c80203720,
0x0000026c80203db0, 0x0000026c80205e80, 0x0000026c80206510, 0x0000026c80203090,
0x0000026c80205160, 0x0000026c802057f0, 0x0000026c82111e30, 0x0000026c82111110,
0x0000026c82110a80, 0x0000026c82113870, 0x0000026c821124c0, 0x0000026c82115940,
0x0000026c82115fd0, 0x0000026c82117380, 0x0000026c82114c20, 0x0000026c821152b0,
0x0000026c82114590, 0x0000026c82113f00, 0x0000026c80bb7df0, 0x0000026c80bb91a0,
0x0000026c80bba550, 0x0000026c80bbc620, 0x0000026c80bbb270, 0x0000026c80bbb900,
0x0000026c80bbbf90, 0x0000026c80bbccb0, 0x0000026c80bb9830, 0x0000026c80bbd340,
0x0000026c80bb9ec0, 0x0000026c80bbd9d0, 0x0000026c80bbed80, 0x0000026c80bbe060,
0x0000026c80bbe6f0, 0x0000026c84e6e350, 0x0000026c84e6b560, 0x0000026c84e6aed0,
0x0000026c84e6c280, 0x0000026c84e6f070, 0x0000026c84e6c910, 0x0000026c84e6e9e0,
0x0000026c84e6cfa0, 0x0000026c84e6bbf0, 0x0000026c84e6d630, 0x0000026c84e70420,
0x0000026c84e70ab0, 0x0000026c84e6fd90, 0x0000026c84e71140, 0x0000026c84e6f700,
0x0000026c84e6dcc0, 0x0000026c84e717d0, 0x0000026c84e71e60, 0x0000026c84e724f0
}

Java Threads: ( => current thread )
  0x0000026cd0e90dd0 JavaThread "main"                              [_thread_blocked, id=10088, stack(0x000000cb6a300000,0x000000cb6a400000) (1024K)]
  0x0000026c800004a0 JavaThread "Reference Handler"          daemon [_thread_blocked, id=132, stack(0x000000cb6ab00000,0x000000cb6ac00000) (1024K)]
  0x0000026c80003b80 JavaThread "Finalizer"                  daemon [_thread_blocked, id=25388, stack(0x000000cb6ac00000,0x000000cb6ad00000) (1024K)]
  0x0000026c80009760 JavaThread "Signal Dispatcher"          daemon [_thread_blocked, id=27804, stack(0x000000cb6ad00000,0x000000cb6ae00000) (1024K)]
  0x0000026c8002c590 JavaThread "Attach Listener"            daemon [_thread_blocked, id=22948, stack(0x000000cb6ae00000,0x000000cb6af00000) (1024K)]
  0x0000026c8002dc90 JavaThread "Service Thread"             daemon [_thread_blocked, id=24752, stack(0x000000cb6af00000,0x000000cb6b000000) (1024K)]
  0x0000026c80030e80 JavaThread "Monitor Deflation Thread"   daemon [_thread_blocked, id=17932, stack(0x000000cb6b000000,0x000000cb6b100000) (1024K)]
=>0x0000026c80045810 JavaThread "C2 CompilerThread0"         daemon [_thread_in_native, id=4852, stack(0x000000cb6b100000,0x000000cb6b200000) (1024K)]
  0x0000026c8004f8c0 JavaThread "C1 CompilerThread0"         daemon [_thread_blocked, id=9528, stack(0x000000cb6b200000,0x000000cb6b300000) (1024K)]
  0x0000026c802494e0 JavaThread "Common-Cleaner"             daemon [_thread_blocked, id=23032, stack(0x000000cb6b300000,0x000000cb6b400000) (1024K)]
  0x0000026c802aaf10 JavaThread "Notification Thread"        daemon [_thread_blocked, id=26076, stack(0x000000cb6b400000,0x000000cb6b500000) (1024K)]
  0x0000026c818a58b0 JavaThread "Daemon health stats"               [_thread_blocked, id=17756, stack(0x000000cb6b600000,0x000000cb6b700000) (1024K)]
  0x0000026c8186d710 JavaThread "Incoming local TCP Connector on port 56638"        [_thread_in_native, id=28428, stack(0x000000cb6b500000,0x000000cb6b600000) (1024K)]
  0x0000026c80574e10 JavaThread "Daemon periodic checks"            [_thread_blocked, id=26264, stack(0x000000cb6bc00000,0x000000cb6bd00000) (1024K)]
  0x0000026c80449d10 JavaThread "Daemon"                            [_thread_blocked, id=10124, stack(0x000000cb6bd00000,0x000000cb6be00000) (1024K)]
  0x0000026c8044c390 JavaThread "Handler for socket connection from /127.0.0.1:56638 to /127.0.0.1:56639"        [_thread_in_native, id=6812, stack(0x000000cb6be00000,0x000000cb6bf00000) (1024K)]
  0x0000026c8041f840 JavaThread "Cancel handler"                    [_thread_blocked, id=15584, stack(0x000000cb6bf00000,0x000000cb6c000000) (1024K)]
  0x0000026c80420dc0 JavaThread "Daemon worker"                     [_thread_in_vm, id=9756, stack(0x000000cb6c000000,0x000000cb6c100000) (1024K)]
  0x0000026c80204ad0 JavaThread "Asynchronous log dispatcher for DefaultDaemonConnection: socket connection from /127.0.0.1:56638 to /127.0.0.1:56639"        [_thread_blocked, id=22748, stack(0x000000cb6c100000,0x000000cb6c200000) (1024K)]
  0x0000026c80203720 JavaThread "Stdin handler"                     [_thread_blocked, id=24228, stack(0x000000cb6c200000,0x000000cb6c300000) (1024K)]
  0x0000026c80203db0 JavaThread "Daemon client event forwarder"        [_thread_blocked, id=22072, stack(0x000000cb6c300000,0x000000cb6c400000) (1024K)]
  0x0000026c80205e80 JavaThread "Cache worker for journal cache (C:\Users\harsh\.gradle\caches\journal-1)"        [_thread_blocked, id=23072, stack(0x000000cb6c400000,0x000000cb6c500000) (1024K)]
  0x0000026c80206510 JavaThread "File lock request listener"        [_thread_in_native, id=20596, stack(0x000000cb6c500000,0x000000cb6c600000) (1024K)]
  0x0000026c80203090 JavaThread "Cache worker for file hash cache (C:\Users\harsh\.gradle\caches\8.8\fileHashes)"        [_thread_blocked, id=6380, stack(0x000000cb6c600000,0x000000cb6c700000) (1024K)]
  0x0000026c80205160 JavaThread "Cache worker for file hash cache (C:\Users\harsh\Flutter_Projects\Divider\node_modules\@react-native\gradle-plugin\.gradle\8.8\fileHashes)"        [_thread_blocked, id=26016, stack(0x000000cb6cb00000,0x000000cb6cc00000) (1024K)]
  0x0000026c802057f0 JavaThread "File watcher server"        daemon [_thread_in_native, id=23600, stack(0x000000cb6ce00000,0x000000cb6cf00000) (1024K)]
  0x0000026c82111e30 JavaThread "File watcher consumer"      daemon [_thread_blocked, id=5284, stack(0x000000cb6cf00000,0x000000cb6d000000) (1024K)]
  0x0000026c82111110 JavaThread "Cache worker for checksums cache (C:\Users\harsh\Flutter_Projects\Divider\node_modules\@react-native\gradle-plugin\.gradle\8.8\checksums)"        [_thread_blocked, id=22980, stack(0x000000cb6d000000,0x000000cb6d100000) (1024K)]
  0x0000026c82110a80 JavaThread "Cache worker for file content cache (C:\Users\harsh\.gradle\caches\8.8\fileContent)"        [_thread_blocked, id=23784, stack(0x000000cb6d100000,0x000000cb6d200000) (1024K)]
  0x0000026c82113870 JavaThread "Cache worker for cache directory md-rule (C:\Users\harsh\.gradle\caches\8.8\md-rule)"        [_thread_blocked, id=20068, stack(0x000000cb6d200000,0x000000cb6d300000) (1024K)]
  0x0000026c821124c0 JavaThread "Cache worker for cache directory md-supplier (C:\Users\harsh\.gradle\caches\8.8\md-supplier)"        [_thread_blocked, id=19708, stack(0x000000cb6d300000,0x000000cb6d400000) (1024K)]
  0x0000026c82115940 JavaThread "Unconstrained build operations"        [_thread_blocked, id=22656, stack(0x000000cb6d500000,0x000000cb6d600000) (1024K)]
  0x0000026c82115fd0 JavaThread "Unconstrained build operations Thread 2"        [_thread_blocked, id=24128, stack(0x000000cb6d600000,0x000000cb6d700000) (1024K)]
  0x0000026c82117380 JavaThread "Unconstrained build operations Thread 3"        [_thread_blocked, id=23640, stack(0x000000cb6d700000,0x000000cb6d800000) (1024K)]
  0x0000026c82114c20 JavaThread "Unconstrained build operations Thread 4"        [_thread_blocked, id=13988, stack(0x000000cb6d800000,0x000000cb6d900000) (1024K)]
  0x0000026c821152b0 JavaThread "Unconstrained build operations Thread 5"        [_thread_blocked, id=24200, stack(0x000000cb6d900000,0x000000cb6da00000) (1024K)]
  0x0000026c82114590 JavaThread "Unconstrained build operations Thread 6"        [_thread_blocked, id=27640, stack(0x000000cb6da00000,0x000000cb6db00000) (1024K)]
  0x0000026c82113f00 JavaThread "Cache worker for Build Output Cleanup Cache (C:\Users\harsh\Flutter_Projects\Divider\node_modules\@react-native\gradle-plugin\.gradle\buildOutputCleanup)"        [_thread_blocked, id=5648, stack(0x000000cb6db00000,0x000000cb6dc00000) (1024K)]
  0x0000026c80bb7df0 JavaThread "Unconstrained build operations Thread 7"        [_thread_blocked, id=28056, stack(0x000000cb6dc00000,0x000000cb6dd00000) (1024K)]
  0x0000026c80bb91a0 JavaThread "Unconstrained build operations Thread 8"        [_thread_blocked, id=25500, stack(0x000000cb6dd00000,0x000000cb6de00000) (1024K)]
  0x0000026c80bba550 JavaThread "Unconstrained build operations Thread 9"        [_thread_blocked, id=24232, stack(0x000000cb6de00000,0x000000cb6df00000) (1024K)]
  0x0000026c80bbc620 JavaThread "Unconstrained build operations Thread 10"        [_thread_blocked, id=26216, stack(0x000000cb6df00000,0x000000cb6e000000) (1024K)]
  0x0000026c80bbb270 JavaThread "Unconstrained build operations Thread 11"        [_thread_blocked, id=4660, stack(0x000000cb6e000000,0x000000cb6e100000) (1024K)]
  0x0000026c80bbb900 JavaThread "Unconstrained build operations Thread 12"        [_thread_blocked, id=14944, stack(0x000000cb6e100000,0x000000cb6e200000) (1024K)]
  0x0000026c80bbbf90 JavaThread "Unconstrained build operations Thread 13"        [_thread_blocked, id=392, stack(0x000000cb6e200000,0x000000cb6e300000) (1024K)]
  0x0000026c80bbccb0 JavaThread "Unconstrained build operations Thread 14"        [_thread_blocked, id=15136, stack(0x000000cb6e300000,0x000000cb6e400000) (1024K)]
  0x0000026c80bb9830 JavaThread "Unconstrained build operations Thread 15"        [_thread_blocked, id=26820, stack(0x000000cb6e400000,0x000000cb6e500000) (1024K)]
  0x0000026c80bbd340 JavaThread "Unconstrained build operations Thread 16"        [_thread_blocked, id=26088, stack(0x000000cb6e500000,0x000000cb6e600000) (1024K)]
  0x0000026c80bb9ec0 JavaThread "Unconstrained build operations Thread 17"        [_thread_blocked, id=9376, stack(0x000000cb6e600000,0x000000cb6e700000) (1024K)]
  0x0000026c80bbd9d0 JavaThread "Unconstrained build operations Thread 18"        [_thread_blocked, id=23192, stack(0x000000cb6e700000,0x000000cb6e800000) (1024K)]
  0x0000026c80bbed80 JavaThread "Unconstrained build operations Thread 19"        [_thread_blocked, id=12028, stack(0x000000cb6e800000,0x000000cb6e900000) (1024K)]
  0x0000026c80bbe060 JavaThread "Unconstrained build operations Thread 20"        [_thread_blocked, id=26840, stack(0x000000cb6e900000,0x000000cb6ea00000) (1024K)]
  0x0000026c80bbe6f0 JavaThread "Unconstrained build operations Thread 21"        [_thread_blocked, id=9976, stack(0x000000cb6ea00000,0x000000cb6eb00000) (1024K)]
  0x0000026c84e6e350 JavaThread "Unconstrained build operations Thread 22"        [_thread_blocked, id=9568, stack(0x000000cb6eb00000,0x000000cb6ec00000) (1024K)]
  0x0000026c84e6b560 JavaThread "Unconstrained build operations Thread 23"        [_thread_blocked, id=23188, stack(0x000000cb6ec00000,0x000000cb6ed00000) (1024K)]
  0x0000026c84e6aed0 JavaThread "Unconstrained build operations Thread 24"        [_thread_blocked, id=26668, stack(0x000000cb6ed00000,0x000000cb6ee00000) (1024K)]
  0x0000026c84e6c280 JavaThread "Unconstrained build operations Thread 25"        [_thread_blocked, id=3904, stack(0x000000cb6ee00000,0x000000cb6ef00000) (1024K)]
  0x0000026c84e6f070 JavaThread "Unconstrained build operations Thread 26"        [_thread_blocked, id=16872, stack(0x000000cb6ef00000,0x000000cb6f000000) (1024K)]
  0x0000026c84e6c910 JavaThread "Unconstrained build operations Thread 27"        [_thread_blocked, id=10172, stack(0x000000cb6f000000,0x000000cb6f100000) (1024K)]
  0x0000026c84e6e9e0 JavaThread "Unconstrained build operations Thread 28"        [_thread_blocked, id=5968, stack(0x000000cb6f100000,0x000000cb6f200000) (1024K)]
  0x0000026c84e6cfa0 JavaThread "Unconstrained build operations Thread 29"        [_thread_blocked, id=20172, stack(0x000000cb6f200000,0x000000cb6f300000) (1024K)]
  0x0000026c84e6bbf0 JavaThread "Unconstrained build operations Thread 30"        [_thread_blocked, id=24084, stack(0x000000cb6f300000,0x000000cb6f400000) (1024K)]
  0x0000026c84e6d630 JavaThread "Unconstrained build operations Thread 31"        [_thread_blocked, id=16908, stack(0x000000cb6f400000,0x000000cb6f500000) (1024K)]
  0x0000026c84e70420 JavaThread "Unconstrained build operations Thread 32"        [_thread_blocked, id=28532, stack(0x000000cb6f500000,0x000000cb6f600000) (1024K)]
  0x0000026c84e70ab0 JavaThread "Unconstrained build operations Thread 33"        [_thread_blocked, id=21476, stack(0x000000cb6f600000,0x000000cb6f700000) (1024K)]
  0x0000026c84e6fd90 JavaThread "Unconstrained build operations Thread 34"        [_thread_blocked, id=27100, stack(0x000000cb6f700000,0x000000cb6f800000) (1024K)]
  0x0000026c84e71140 JavaThread "Unconstrained build operations Thread 35"        [_thread_blocked, id=20760, stack(0x000000cb6f800000,0x000000cb6f900000) (1024K)]
  0x0000026c84e6f700 JavaThread "Unconstrained build operations Thread 36"        [_thread_blocked, id=22348, stack(0x000000cb6f900000,0x000000cb6fa00000) (1024K)]
  0x0000026c84e6dcc0 JavaThread "Unconstrained build operations Thread 37"        [_thread_blocked, id=24384, stack(0x000000cb6fa00000,0x000000cb6fb00000) (1024K)]
  0x0000026c84e717d0 JavaThread "Unconstrained build operations Thread 38"        [_thread_blocked, id=23228, stack(0x000000cb6fb00000,0x000000cb6fc00000) (1024K)]
  0x0000026c84e71e60 JavaThread "Unconstrained build operations Thread 39"        [_thread_blocked, id=24940, stack(0x000000cb6fc00000,0x000000cb6fd00000) (1024K)]
  0x0000026c84e724f0 JavaThread "Memory manager"                    [_thread_blocked, id=23172, stack(0x000000cb6d400000,0x000000cb6d500000) (1024K)]
Total: 72

Other Threads:
  0x0000026ce6c6eb40 VMThread "VM Thread"                           [id=26140, stack(0x000000cb6aa00000,0x000000cb6ab00000) (1024K)]
  0x0000026ce6c61ce0 WatcherThread "VM Periodic Task Thread"        [id=3248, stack(0x000000cb6a900000,0x000000cb6aa00000) (1024K)]
  0x0000026cd0eba320 WorkerThread "GC Thread#0"                     [id=16184, stack(0x000000cb6a400000,0x000000cb6a500000) (1024K)]
  0x0000026c80cb5a50 WorkerThread "GC Thread#1"                     [id=1932, stack(0x000000cb6b700000,0x000000cb6b800000) (1024K)]
  0x0000026c80c3e0a0 WorkerThread "GC Thread#2"                     [id=23156, stack(0x000000cb6b800000,0x000000cb6b900000) (1024K)]
  0x0000026c80c3e450 WorkerThread "GC Thread#3"                     [id=25564, stack(0x000000cb6b900000,0x000000cb6ba00000) (1024K)]
  0x0000026c80c3e800 WorkerThread "GC Thread#4"                     [id=20676, stack(0x000000cb6ba00000,0x000000cb6bb00000) (1024K)]
  0x0000026c80c3ebb0 WorkerThread "GC Thread#5"                     [id=22024, stack(0x000000cb6bb00000,0x000000cb6bc00000) (1024K)]
  0x0000026c823d3fa0 WorkerThread "GC Thread#6"                     [id=13132, stack(0x000000cb6c700000,0x000000cb6c800000) (1024K)]
  0x0000026c823d4e60 WorkerThread "GC Thread#7"                     [id=18016, stack(0x000000cb6c800000,0x000000cb6c900000) (1024K)]
  0x0000026c823d3490 WorkerThread "GC Thread#8"                     [id=1728, stack(0x000000cb6c900000,0x000000cb6ca00000) (1024K)]
  0x0000026c823d4350 WorkerThread "GC Thread#9"                     [id=5916, stack(0x000000cb6ca00000,0x000000cb6cb00000) (1024K)]
  0x0000026cd0ebf220 ConcurrentGCThread "G1 Main Marker"            [id=20460, stack(0x000000cb6a500000,0x000000cb6a600000) (1024K)]
  0x0000026cd0ec22e0 WorkerThread "G1 Conc#0"                       [id=3328, stack(0x000000cb6a600000,0x000000cb6a700000) (1024K)]
  0x0000026c821c3f50 WorkerThread "G1 Conc#1"                       [id=22436, stack(0x000000cb6cc00000,0x000000cb6cd00000) (1024K)]
  0x0000026c821c4a60 WorkerThread "G1 Conc#2"                       [id=23084, stack(0x000000cb6cd00000,0x000000cb6ce00000) (1024K)]
  0x0000026cd0f4eb30 ConcurrentGCThread "G1 Refine#0"               [id=26304, stack(0x000000cb6a700000,0x000000cb6a800000) (1024K)]
  0x0000026ce6b30830 ConcurrentGCThread "G1 Service"                [id=21748, stack(0x000000cb6a800000,0x000000cb6a900000) (1024K)]
Total: 18

Threads with active compile tasks:
C2 CompilerThread0  41471 8034       4       sun.security.provider.MD5::implCompress0 (1407 bytes)
Total: 1

VM state: not at safepoint (normal execution)

VM Mutex/Monitor currently owned by a thread: None

Heap address: 0x00000000e0000000, size: 512 MB, Compressed Oops mode: 32-bit

CDS archive(s) mapped at: [0x0000026ce7000000-0x0000026ce7ba0000-0x0000026ce7ba0000), size 12189696, SharedBaseAddress: 0x0000026ce7000000, ArchiveRelocationMode: 1.
Compressed class space mapped at: 0x0000026ce8000000-0x0000026cfc000000, reserved size: 335544320
Narrow klass base: 0x0000026ce7000000, Narrow klass shift: 0, Narrow klass range: 0x100000000

GC Precious Log:
 CardTable entry size: 512
 Card Set container configuration: InlinePtr #cards 5 size 8 Array Of Cards #cards 12 size 40 Howl #buckets 4 coarsen threshold 1843 Howl Bitmap #cards 512 size 80 coarsen threshold 460 Card regions per heap region 1 cards per card region 2048
 CPUs: 12 total, 12 available
 Memory: 7581M
 Large Page Support: Disabled
 NUMA Support: Disabled
 Compressed Oops: Enabled (32-bit)
 Heap Region Size: 1M
 Heap Min Capacity: 256M
 Heap Initial Capacity: 256M
 Heap Max Capacity: 512M
 Pre-touch: Disabled
 Parallel Workers: 10
 Concurrent Workers: 3
 Concurrent Refinement Workers: 10
 Periodic GC: Disabled

Heap:
 garbage-first heap   total 262144K, used 140241K [0x00000000e0000000, 0x0000000100000000)
  region size 1024K, 104 young (106496K), 13 survivors (13312K)
 Metaspace       used 65184K, committed 67072K, reserved 393216K
  class space    used 9508K, committed 10432K, reserved 327680K

Heap Regions: E=young(eden), S=young(survivor), O=old, HS=humongous(starts), HC=humongous(continues), CS=collection set, F=free, TAMS=top-at-mark-start, PB=parsable bottom
|   0|0x00000000e0000000, 0x00000000e0100000, 0x00000000e0100000|100%|HS|  |TAMS 0x00000000e0000000| PB 0x00000000e0000000| Complete 
|   1|0x00000000e0100000, 0x00000000e0200000, 0x00000000e0200000|100%|HC|  |TAMS 0x00000000e0100000| PB 0x00000000e0100000| Complete 
|   2|0x00000000e0200000, 0x00000000e0300000, 0x00000000e0300000|100%|HC|  |TAMS 0x00000000e0200000| PB 0x00000000e0200000| Complete 
|   3|0x00000000e0300000, 0x00000000e0400000, 0x00000000e0400000|100%|HC|  |TAMS 0x00000000e0300000| PB 0x00000000e0300000| Complete 
|   4|0x00000000e0400000, 0x00000000e0500000, 0x00000000e0500000|100%| O|  |TAMS 0x00000000e0400000| PB 0x00000000e0400000| Untracked 
|   5|0x00000000e0500000, 0x00000000e0600000, 0x00000000e0600000|100%| O|  |TAMS 0x00000000e0500000| PB 0x00000000e0500000| Untracked 
|   6|0x00000000e0600000, 0x00000000e0700000, 0x00000000e0700000|100%| O|  |TAMS 0x00000000e0600000| PB 0x00000000e0600000| Untracked 
|   7|0x00000000e0700000, 0x00000000e0800000, 0x00000000e0800000|100%| O|  |TAMS 0x00000000e0700000| PB 0x00000000e0700000| Untracked 
|   8|0x00000000e0800000, 0x00000000e0900000, 0x00000000e0900000|100%| O|  |TAMS 0x00000000e0800000| PB 0x00000000e0800000| Untracked 
|   9|0x00000000e0900000, 0x00000000e0a00000, 0x00000000e0a00000|100%| O|  |TAMS 0x00000000e0900000| PB 0x00000000e0900000| Untracked 
|  10|0x00000000e0a00000, 0x00000000e0b00000, 0x00000000e0b00000|100%| O|  |TAMS 0x00000000e0a00000| PB 0x00000000e0a00000| Untracked 
|  11|0x00000000e0b00000, 0x00000000e0c00000, 0x00000000e0c00000|100%|HS|  |TAMS 0x00000000e0b00000| PB 0x00000000e0b00000| Complete 
|  12|0x00000000e0c00000, 0x00000000e0d00000, 0x00000000e0d00000|100%| O|  |TAMS 0x00000000e0c00000| PB 0x00000000e0c00000| Untracked 
|  13|0x00000000e0d00000, 0x00000000e0e00000, 0x00000000e0e00000|100%| O|  |TAMS 0x00000000e0d00000| PB 0x00000000e0d00000| Untracked 
|  14|0x00000000e0e00000, 0x00000000e0f00000, 0x00000000e0f00000|100%| O|  |TAMS 0x00000000e0e00000| PB 0x00000000e0e00000| Untracked 
|  15|0x00000000e0f00000, 0x00000000e1000000, 0x00000000e1000000|100%| O|  |TAMS 0x00000000e0f00000| PB 0x00000000e0f00000| Untracked 
|  16|0x00000000e1000000, 0x00000000e1100000, 0x00000000e1100000|100%| O|  |TAMS 0x00000000e1000000| PB 0x00000000e1000000| Untracked 
|  17|0x00000000e1100000, 0x00000000e1200000, 0x00000000e1200000|100%| O|  |TAMS 0x00000000e1100000| PB 0x00000000e1100000| Untracked 
|  18|0x00000000e1200000, 0x00000000e1300000, 0x00000000e1300000|100%| O|  |TAMS 0x00000000e1200000| PB 0x00000000e1200000| Untracked 
|  19|0x00000000e1300000, 0x00000000e1400000, 0x00000000e1400000|100%| O|  |TAMS 0x00000000e1300000| PB 0x00000000e1300000| Untracked 
|  20|0x00000000e1400000, 0x00000000e1500000, 0x00000000e1500000|100%| O|Cm|TAMS 0x00000000e1400000| PB 0x00000000e1400000| Complete 
|  21|0x00000000e1500000, 0x00000000e1600000, 0x00000000e1600000|100%| O|  |TAMS 0x00000000e1500000| PB 0x00000000e1500000| Untracked 
|  22|0x00000000e1600000, 0x00000000e1700000, 0x00000000e1700000|100%| O|  |TAMS 0x00000000e1600000| PB 0x00000000e1600000| Untracked 
|  23|0x00000000e1700000, 0x00000000e1800000, 0x00000000e1800000|100%| O|  |TAMS 0x00000000e1700000| PB 0x00000000e1700000| Untracked 
|  24|0x00000000e1800000, 0x00000000e1900000, 0x00000000e1900000|100%| O|  |TAMS 0x00000000e1800000| PB 0x00000000e1800000| Untracked 
|  25|0x00000000e1900000, 0x00000000e1a00000, 0x00000000e1a00000|100%| O|  |TAMS 0x00000000e1900000| PB 0x00000000e1900000| Untracked 
|  26|0x00000000e1a00000, 0x00000000e1b00000, 0x00000000e1b00000|100%| O|  |TAMS 0x00000000e1a00000| PB 0x00000000e1a00000| Untracked 
|  27|0x00000000e1b00000, 0x00000000e1c00000, 0x00000000e1c00000|100%| O|  |TAMS 0x00000000e1b00000| PB 0x00000000e1b00000| Untracked 
|  28|0x00000000e1c00000, 0x00000000e1d00000, 0x00000000e1d00000|100%| O|  |TAMS 0x00000000e1c00000| PB 0x00000000e1c00000| Untracked 
|  29|0x00000000e1d00000, 0x00000000e1e00000, 0x00000000e1e00000|100%| O|  |TAMS 0x00000000e1d00000| PB 0x00000000e1d00000| Untracked 
|  30|0x00000000e1e00000, 0x00000000e1e0d1b0, 0x00000000e1f00000|  5%| O|  |TAMS 0x00000000e1e00000| PB 0x00000000e1e00000| Untracked 
|  31|0x00000000e1f00000, 0x00000000e2000000, 0x00000000e2000000|100%|HS|  |TAMS 0x00000000e1f00000| PB 0x00000000e1f00000| Complete 
|  32|0x00000000e2000000, 0x00000000e2100000, 0x00000000e2100000|100%|HC|  |TAMS 0x00000000e2000000| PB 0x00000000e2000000| Complete 
|  33|0x00000000e2100000, 0x00000000e2200000, 0x00000000e2200000|100%|HS|  |TAMS 0x00000000e2100000| PB 0x00000000e2100000| Complete 
|  34|0x00000000e2200000, 0x00000000e2300000, 0x00000000e2300000|100%|HC|  |TAMS 0x00000000e2200000| PB 0x00000000e2200000| Complete 
|  35|0x00000000e2300000, 0x00000000e2300000, 0x00000000e2400000|  0%| F|  |TAMS 0x00000000e2300000| PB 0x00000000e2300000| Untracked 
|  36|0x00000000e2400000, 0x00000000e2400000, 0x00000000e2500000|  0%| F|  |TAMS 0x00000000e2400000| PB 0x00000000e2400000| Untracked 
|  37|0x00000000e2500000, 0x00000000e2500000, 0x00000000e2600000|  0%| F|  |TAMS 0x00000000e2500000| PB 0x00000000e2500000| Untracked 
|  38|0x00000000e2600000, 0x00000000e2600000, 0x00000000e2700000|  0%| F|  |TAMS 0x00000000e2600000| PB 0x00000000e2600000| Untracked 
|  39|0x00000000e2700000, 0x00000000e2700000, 0x00000000e2800000|  0%| F|  |TAMS 0x00000000e2700000| PB 0x00000000e2700000| Untracked 
|  40|0x00000000e2800000, 0x00000000e2800000, 0x00000000e2900000|  0%| F|  |TAMS 0x00000000e2800000| PB 0x00000000e2800000| Untracked 
|  41|0x00000000e2900000, 0x00000000e2900000, 0x00000000e2a00000|  0%| F|  |TAMS 0x00000000e2900000| PB 0x00000000e2900000| Untracked 
|  42|0x00000000e2a00000, 0x00000000e2a00000, 0x00000000e2b00000|  0%| F|  |TAMS 0x00000000e2a00000| PB 0x00000000e2a00000| Untracked 
|  43|0x00000000e2b00000, 0x00000000e2b00000, 0x00000000e2c00000|  0%| F|  |TAMS 0x00000000e2b00000| PB 0x00000000e2b00000| Untracked 
|  44|0x00000000e2c00000, 0x00000000e2c00000, 0x00000000e2d00000|  0%| F|  |TAMS 0x00000000e2c00000| PB 0x00000000e2c00000| Untracked 
|  45|0x00000000e2d00000, 0x00000000e2d00000, 0x00000000e2e00000|  0%| F|  |TAMS 0x00000000e2d00000| PB 0x00000000e2d00000| Untracked 
|  46|0x00000000e2e00000, 0x00000000e2e00000, 0x00000000e2f00000|  0%| F|  |TAMS 0x00000000e2e00000| PB 0x00000000e2e00000| Untracked 
|  47|0x00000000e2f00000, 0x00000000e2f00000, 0x00000000e3000000|  0%| F|  |TAMS 0x00000000e2f00000| PB 0x00000000e2f00000| Untracked 
|  48|0x00000000e3000000, 0x00000000e3000000, 0x00000000e3100000|  0%| F|  |TAMS 0x00000000e3000000| PB 0x00000000e3000000| Untracked 
|  49|0x00000000e3100000, 0x00000000e3100000, 0x00000000e3200000|  0%| F|  |TAMS 0x00000000e3100000| PB 0x00000000e3100000| Untracked 
|  50|0x00000000e3200000, 0x00000000e3200000, 0x00000000e3300000|  0%| F|  |TAMS 0x00000000e3200000| PB 0x00000000e3200000| Untracked 
|  51|0x00000000e3300000, 0x00000000e3300000, 0x00000000e3400000|  0%| F|  |TAMS 0x00000000e3300000| PB 0x00000000e3300000| Untracked 
|  52|0x00000000e3400000, 0x00000000e3400000, 0x00000000e3500000|  0%| F|  |TAMS 0x00000000e3400000| PB 0x00000000e3400000| Untracked 
|  53|0x00000000e3500000, 0x00000000e3500000, 0x00000000e3600000|  0%| F|  |TAMS 0x00000000e3500000| PB 0x00000000e3500000| Untracked 
|  54|0x00000000e3600000, 0x00000000e3600000, 0x00000000e3700000|  0%| F|  |TAMS 0x00000000e3600000| PB 0x00000000e3600000| Untracked 
|  55|0x00000000e3700000, 0x00000000e3700000, 0x00000000e3800000|  0%| F|  |TAMS 0x00000000e3700000| PB 0x00000000e3700000| Untracked 
|  56|0x00000000e3800000, 0x00000000e3800000, 0x00000000e3900000|  0%| F|  |TAMS 0x00000000e3800000| PB 0x00000000e3800000| Untracked 
|  57|0x00000000e3900000, 0x00000000e3900000, 0x00000000e3a00000|  0%| F|  |TAMS 0x00000000e3900000| PB 0x00000000e3900000| Untracked 
|  58|0x00000000e3a00000, 0x00000000e3a00000, 0x00000000e3b00000|  0%| F|  |TAMS 0x00000000e3a00000| PB 0x00000000e3a00000| Untracked 
|  59|0x00000000e3b00000, 0x00000000e3b00000, 0x00000000e3c00000|  0%| F|  |TAMS 0x00000000e3b00000| PB 0x00000000e3b00000| Untracked 
|  60|0x00000000e3c00000, 0x00000000e3c00000, 0x00000000e3d00000|  0%| F|  |TAMS 0x00000000e3c00000| PB 0x00000000e3c00000| Untracked 
|  61|0x00000000e3d00000, 0x00000000e3d00000, 0x00000000e3e00000|  0%| F|  |TAMS 0x00000000e3d00000| PB 0x00000000e3d00000| Untracked 
|  62|0x00000000e3e00000, 0x00000000e3e00000, 0x00000000e3f00000|  0%| F|  |TAMS 0x00000000e3e00000| PB 0x00000000e3e00000| Untracked 
|  63|0x00000000e3f00000, 0x00000000e3f00000, 0x00000000e4000000|  0%| F|  |TAMS 0x00000000e3f00000| PB 0x00000000e3f00000| Untracked 
|  64|0x00000000e4000000, 0x00000000e4000000, 0x00000000e4100000|  0%| F|  |TAMS 0x00000000e4000000| PB 0x00000000e4000000| Untracked 
|  65|0x00000000e4100000, 0x00000000e4100000, 0x00000000e4200000|  0%| F|  |TAMS 0x00000000e4100000| PB 0x00000000e4100000| Untracked 
|  66|0x00000000e4200000, 0x00000000e4200000, 0x00000000e4300000|  0%| F|  |TAMS 0x00000000e4200000| PB 0x00000000e4200000| Untracked 
|  67|0x00000000e4300000, 0x00000000e4300000, 0x00000000e4400000|  0%| F|  |TAMS 0x00000000e4300000| PB 0x00000000e4300000| Untracked 
|  68|0x00000000e4400000, 0x00000000e4400000, 0x00000000e4500000|  0%| F|  |TAMS 0x00000000e4400000| PB 0x00000000e4400000| Untracked 
|  69|0x00000000e4500000, 0x00000000e4500000, 0x00000000e4600000|  0%| F|  |TAMS 0x00000000e4500000| PB 0x00000000e4500000| Untracked 
|  70|0x00000000e4600000, 0x00000000e4600000, 0x00000000e4700000|  0%| F|  |TAMS 0x00000000e4600000| PB 0x00000000e4600000| Untracked 
|  71|0x00000000e4700000, 0x00000000e4700000, 0x00000000e4800000|  0%| F|  |TAMS 0x00000000e4700000| PB 0x00000000e4700000| Untracked 
|  72|0x00000000e4800000, 0x00000000e4800000, 0x00000000e4900000|  0%| F|  |TAMS 0x00000000e4800000| PB 0x00000000e4800000| Untracked 
|  73|0x00000000e4900000, 0x00000000e4900000, 0x00000000e4a00000|  0%| F|  |TAMS 0x00000000e4900000| PB 0x00000000e4900000| Untracked 
|  74|0x00000000e4a00000, 0x00000000e4a00000, 0x00000000e4b00000|  0%| F|  |TAMS 0x00000000e4a00000| PB 0x00000000e4a00000| Untracked 
|  75|0x00000000e4b00000, 0x00000000e4b00000, 0x00000000e4c00000|  0%| F|  |TAMS 0x00000000e4b00000| PB 0x00000000e4b00000| Untracked 
|  76|0x00000000e4c00000, 0x00000000e4c00000, 0x00000000e4d00000|  0%| F|  |TAMS 0x00000000e4c00000| PB 0x00000000e4c00000| Untracked 
|  77|0x00000000e4d00000, 0x00000000e4d00000, 0x00000000e4e00000|  0%| F|  |TAMS 0x00000000e4d00000| PB 0x00000000e4d00000| Untracked 
|  78|0x00000000e4e00000, 0x00000000e4e00000, 0x00000000e4f00000|  0%| F|  |TAMS 0x00000000e4e00000| PB 0x00000000e4e00000| Untracked 
|  79|0x00000000e4f00000, 0x00000000e4f00000, 0x00000000e5000000|  0%| F|  |TAMS 0x00000000e4f00000| PB 0x00000000e4f00000| Untracked 
|  80|0x00000000e5000000, 0x00000000e5000000, 0x00000000e5100000|  0%| F|  |TAMS 0x00000000e5000000| PB 0x00000000e5000000| Untracked 
|  81|0x00000000e5100000, 0x00000000e5100000, 0x00000000e5200000|  0%| F|  |TAMS 0x00000000e5100000| PB 0x00000000e5100000| Untracked 
|  82|0x00000000e5200000, 0x00000000e5200000, 0x00000000e5300000|  0%| F|  |TAMS 0x00000000e5200000| PB 0x00000000e5200000| Untracked 
|  83|0x00000000e5300000, 0x00000000e5300000, 0x00000000e5400000|  0%| F|  |TAMS 0x00000000e5300000| PB 0x00000000e5300000| Untracked 
|  84|0x00000000e5400000, 0x00000000e5400000, 0x00000000e5500000|  0%| F|  |TAMS 0x00000000e5400000| PB 0x00000000e5400000| Untracked 
|  85|0x00000000e5500000, 0x00000000e5500000, 0x00000000e5600000|  0%| F|  |TAMS 0x00000000e5500000| PB 0x00000000e5500000| Untracked 
|  86|0x00000000e5600000, 0x00000000e5600000, 0x00000000e5700000|  0%| F|  |TAMS 0x00000000e5600000| PB 0x00000000e5600000| Untracked 
|  87|0x00000000e5700000, 0x00000000e5700000, 0x00000000e5800000|  0%| F|  |TAMS 0x00000000e5700000| PB 0x00000000e5700000| Untracked 
|  88|0x00000000e5800000, 0x00000000e5800000, 0x00000000e5900000|  0%| F|  |TAMS 0x00000000e5800000| PB 0x00000000e5800000| Untracked 
|  89|0x00000000e5900000, 0x00000000e5900000, 0x00000000e5a00000|  0%| F|  |TAMS 0x00000000e5900000| PB 0x00000000e5900000| Untracked 
|  90|0x00000000e5a00000, 0x00000000e5a00000, 0x00000000e5b00000|  0%| F|  |TAMS 0x00000000e5a00000| PB 0x00000000e5a00000| Untracked 
|  91|0x00000000e5b00000, 0x00000000e5b00000, 0x00000000e5c00000|  0%| F|  |TAMS 0x00000000e5b00000| PB 0x00000000e5b00000| Untracked 
|  92|0x00000000e5c00000, 0x00000000e5c00000, 0x00000000e5d00000|  0%| F|  |TAMS 0x00000000e5c00000| PB 0x00000000e5c00000| Untracked 
|  93|0x00000000e5d00000, 0x00000000e5d00000, 0x00000000e5e00000|  0%| F|  |TAMS 0x00000000e5d00000| PB 0x00000000e5d00000| Untracked 
|  94|0x00000000e5e00000, 0x00000000e5e00000, 0x00000000e5f00000|  0%| F|  |TAMS 0x00000000e5e00000| PB 0x00000000e5e00000| Untracked 
|  95|0x00000000e5f00000, 0x00000000e5f00000, 0x00000000e6000000|  0%| F|  |TAMS 0x00000000e5f00000| PB 0x00000000e5f00000| Untracked 
|  96|0x00000000e6000000, 0x00000000e6000000, 0x00000000e6100000|  0%| F|  |TAMS 0x00000000e6000000| PB 0x00000000e6000000| Untracked 
|  97|0x00000000e6100000, 0x00000000e6100000, 0x00000000e6200000|  0%| F|  |TAMS 0x00000000e6100000| PB 0x00000000e6100000| Untracked 
|  98|0x00000000e6200000, 0x00000000e6200000, 0x00000000e6300000|  0%| F|  |TAMS 0x00000000e6200000| PB 0x00000000e6200000| Untracked 
|  99|0x00000000e6300000, 0x00000000e6300000, 0x00000000e6400000|  0%| F|  |TAMS 0x00000000e6300000| PB 0x00000000e6300000| Untracked 
| 100|0x00000000e6400000, 0x00000000e6400000, 0x00000000e6500000|  0%| F|  |TAMS 0x00000000e6400000| PB 0x00000000e6400000| Untracked 
| 101|0x00000000e6500000, 0x00000000e6500000, 0x00000000e6600000|  0%| F|  |TAMS 0x00000000e6500000| PB 0x00000000e6500000| Untracked 
| 102|0x00000000e6600000, 0x00000000e6600000, 0x00000000e6700000|  0%| F|  |TAMS 0x00000000e6600000| PB 0x00000000e6600000| Untracked 
| 103|0x00000000e6700000, 0x00000000e6700000, 0x00000000e6800000|  0%| F|  |TAMS 0x00000000e6700000| PB 0x00000000e6700000| Untracked 
| 104|0x00000000e6800000, 0x00000000e6800000, 0x00000000e6900000|  0%| F|  |TAMS 0x00000000e6800000| PB 0x00000000e6800000| Untracked 
| 105|0x00000000e6900000, 0x00000000e6900000, 0x00000000e6a00000|  0%| F|  |TAMS 0x00000000e6900000| PB 0x00000000e6900000| Untracked 
| 106|0x00000000e6a00000, 0x00000000e6a00000, 0x00000000e6b00000|  0%| F|  |TAMS 0x00000000e6a00000| PB 0x00000000e6a00000| Untracked 
| 107|0x00000000e6b00000, 0x00000000e6b00000, 0x00000000e6c00000|  0%| F|  |TAMS 0x00000000e6b00000| PB 0x00000000e6b00000| Untracked 
| 108|0x00000000e6c00000, 0x00000000e6c00000, 0x00000000e6d00000|  0%| F|  |TAMS 0x00000000e6c00000| PB 0x00000000e6c00000| Untracked 
| 109|0x00000000e6d00000, 0x00000000e6d00000, 0x00000000e6e00000|  0%| F|  |TAMS 0x00000000e6d00000| PB 0x00000000e6d00000| Untracked 
| 110|0x00000000e6e00000, 0x00000000e6e00000, 0x00000000e6f00000|  0%| F|  |TAMS 0x00000000e6e00000| PB 0x00000000e6e00000| Untracked 
| 111|0x00000000e6f00000, 0x00000000e6f00000, 0x00000000e7000000|  0%| F|  |TAMS 0x00000000e6f00000| PB 0x00000000e6f00000| Untracked 
| 112|0x00000000e7000000, 0x00000000e7000000, 0x00000000e7100000|  0%| F|  |TAMS 0x00000000e7000000| PB 0x00000000e7000000| Untracked 
| 113|0x00000000e7100000, 0x00000000e7100000, 0x00000000e7200000|  0%| F|  |TAMS 0x00000000e7100000| PB 0x00000000e7100000| Untracked 
| 114|0x00000000e7200000, 0x00000000e7200000, 0x00000000e7300000|  0%| F|  |TAMS 0x00000000e7200000| PB 0x00000000e7200000| Untracked 
| 115|0x00000000e7300000, 0x00000000e7300000, 0x00000000e7400000|  0%| F|  |TAMS 0x00000000e7300000| PB 0x00000000e7300000| Untracked 
| 116|0x00000000e7400000, 0x00000000e7400000, 0x00000000e7500000|  0%| F|  |TAMS 0x00000000e7400000| PB 0x00000000e7400000| Untracked 
| 117|0x00000000e7500000, 0x00000000e7500000, 0x00000000e7600000|  0%| F|  |TAMS 0x00000000e7500000| PB 0x00000000e7500000| Untracked 
| 118|0x00000000e7600000, 0x00000000e7600000, 0x00000000e7700000|  0%| F|  |TAMS 0x00000000e7600000| PB 0x00000000e7600000| Untracked 
| 119|0x00000000e7700000, 0x00000000e7700000, 0x00000000e7800000|  0%| F|  |TAMS 0x00000000e7700000| PB 0x00000000e7700000| Untracked 
| 120|0x00000000e7800000, 0x00000000e7800000, 0x00000000e7900000|  0%| F|  |TAMS 0x00000000e7800000| PB 0x00000000e7800000| Untracked 
| 121|0x00000000e7900000, 0x00000000e7900000, 0x00000000e7a00000|  0%| F|  |TAMS 0x00000000e7900000| PB 0x00000000e7900000| Untracked 
| 122|0x00000000e7a00000, 0x00000000e7a00000, 0x00000000e7b00000|  0%| F|  |TAMS 0x00000000e7a00000| PB 0x00000000e7a00000| Untracked 
| 123|0x00000000e7b00000, 0x00000000e7b00000, 0x00000000e7c00000|  0%| F|  |TAMS 0x00000000e7b00000| PB 0x00000000e7b00000| Untracked 
| 124|0x00000000e7c00000, 0x00000000e7c00000, 0x00000000e7d00000|  0%| F|  |TAMS 0x00000000e7c00000| PB 0x00000000e7c00000| Untracked 
| 125|0x00000000e7d00000, 0x00000000e7d00000, 0x00000000e7e00000|  0%| F|  |TAMS 0x00000000e7d00000| PB 0x00000000e7d00000| Untracked 
| 126|0x00000000e7e00000, 0x00000000e7e00000, 0x00000000e7f00000|  0%| F|  |TAMS 0x00000000e7e00000| PB 0x00000000e7e00000| Untracked 
| 127|0x00000000e7f00000, 0x00000000e7f00000, 0x00000000e8000000|  0%| F|  |TAMS 0x00000000e7f00000| PB 0x00000000e7f00000| Untracked 
| 128|0x00000000e8000000, 0x00000000e8000000, 0x00000000e8100000|  0%| F|  |TAMS 0x00000000e8000000| PB 0x00000000e8000000| Untracked 
| 129|0x00000000e8100000, 0x00000000e8100000, 0x00000000e8200000|  0%| F|  |TAMS 0x00000000e8100000| PB 0x00000000e8100000| Untracked 
| 130|0x00000000e8200000, 0x00000000e8200000, 0x00000000e8300000|  0%| F|  |TAMS 0x00000000e8200000| PB 0x00000000e8200000| Untracked 
| 131|0x00000000e8300000, 0x00000000e8300000, 0x00000000e8400000|  0%| F|  |TAMS 0x00000000e8300000| PB 0x00000000e8300000| Untracked 
| 132|0x00000000e8400000, 0x00000000e8400000, 0x00000000e8500000|  0%| F|  |TAMS 0x00000000e8400000| PB 0x00000000e8400000| Untracked 
| 133|0x00000000e8500000, 0x00000000e8500000, 0x00000000e8600000|  0%| F|  |TAMS 0x00000000e8500000| PB 0x00000000e8500000| Untracked 
| 134|0x00000000e8600000, 0x00000000e8600000, 0x00000000e8700000|  0%| F|  |TAMS 0x00000000e8600000| PB 0x00000000e8600000| Untracked 
| 135|0x00000000e8700000, 0x00000000e8700000, 0x00000000e8800000|  0%| F|  |TAMS 0x00000000e8700000| PB 0x00000000e8700000| Untracked 
| 136|0x00000000e8800000, 0x00000000e8800000, 0x00000000e8900000|  0%| F|  |TAMS 0x00000000e8800000| PB 0x00000000e8800000| Untracked 
| 137|0x00000000e8900000, 0x00000000e8900000, 0x00000000e8a00000|  0%| F|  |TAMS 0x00000000e8900000| PB 0x00000000e8900000| Untracked 
| 138|0x00000000e8a00000, 0x00000000e8a00000, 0x00000000e8b00000|  0%| F|  |TAMS 0x00000000e8a00000| PB 0x00000000e8a00000| Untracked 
| 139|0x00000000e8b00000, 0x00000000e8b00000, 0x00000000e8c00000|  0%| F|  |TAMS 0x00000000e8b00000| PB 0x00000000e8b00000| Untracked 
| 140|0x00000000e8c00000, 0x00000000e8c00000, 0x00000000e8d00000|  0%| F|  |TAMS 0x00000000e8c00000| PB 0x00000000e8c00000| Untracked 
| 141|0x00000000e8d00000, 0x00000000e8d00000, 0x00000000e8e00000|  0%| F|  |TAMS 0x00000000e8d00000| PB 0x00000000e8d00000| Untracked 
| 142|0x00000000e8e00000, 0x00000000e8e00000, 0x00000000e8f00000|  0%| F|  |TAMS 0x00000000e8e00000| PB 0x00000000e8e00000| Untracked 
| 143|0x00000000e8f00000, 0x00000000e8f00000, 0x00000000e9000000|  0%| F|  |TAMS 0x00000000e8f00000| PB 0x00000000e8f00000| Untracked 
| 144|0x00000000e9000000, 0x00000000e9000000, 0x00000000e9100000|  0%| F|  |TAMS 0x00000000e9000000| PB 0x00000000e9000000| Untracked 
| 145|0x00000000e9100000, 0x00000000e9100000, 0x00000000e9200000|  0%| F|  |TAMS 0x00000000e9100000| PB 0x00000000e9100000| Untracked 
| 146|0x00000000e9200000, 0x00000000e9200000, 0x00000000e9300000|  0%| F|  |TAMS 0x00000000e9200000| PB 0x00000000e9200000| Untracked 
| 147|0x00000000e9300000, 0x00000000e9300000, 0x00000000e9400000|  0%| F|  |TAMS 0x00000000e9300000| PB 0x00000000e9300000| Untracked 
| 148|0x00000000e9400000, 0x00000000e9400000, 0x00000000e9500000|  0%| F|  |TAMS 0x00000000e9400000| PB 0x00000000e9400000| Untracked 
| 149|0x00000000e9500000, 0x00000000e9500000, 0x00000000e9600000|  0%| F|  |TAMS 0x00000000e9500000| PB 0x00000000e9500000| Untracked 
| 150|0x00000000e9600000, 0x00000000e9600000, 0x00000000e9700000|  0%| F|  |TAMS 0x00000000e9600000| PB 0x00000000e9600000| Untracked 
| 151|0x00000000e9700000, 0x00000000e9700000, 0x00000000e9800000|  0%| F|  |TAMS 0x00000000e9700000| PB 0x00000000e9700000| Untracked 
| 152|0x00000000e9800000, 0x00000000e9900000, 0x00000000e9900000|100%| E|  |TAMS 0x00000000e9800000| PB 0x00000000e9800000| Complete 
| 153|0x00000000e9900000, 0x00000000e9a00000, 0x00000000e9a00000|100%| E|CS|TAMS 0x00000000e9900000| PB 0x00000000e9900000| Complete 
| 154|0x00000000e9a00000, 0x00000000e9b00000, 0x00000000e9b00000|100%| E|CS|TAMS 0x00000000e9a00000| PB 0x00000000e9a00000| Complete 
| 155|0x00000000e9b00000, 0x00000000e9c00000, 0x00000000e9c00000|100%| E|CS|TAMS 0x00000000e9b00000| PB 0x00000000e9b00000| Complete 
| 156|0x00000000e9c00000, 0x00000000e9d00000, 0x00000000e9d00000|100%| E|CS|TAMS 0x00000000e9c00000| PB 0x00000000e9c00000| Complete 
| 157|0x00000000e9d00000, 0x00000000e9e00000, 0x00000000e9e00000|100%| E|CS|TAMS 0x00000000e9d00000| PB 0x00000000e9d00000| Complete 
| 158|0x00000000e9e00000, 0x00000000e9f00000, 0x00000000e9f00000|100%| E|CS|TAMS 0x00000000e9e00000| PB 0x00000000e9e00000| Complete 
| 159|0x00000000e9f00000, 0x00000000ea000000, 0x00000000ea000000|100%| E|CS|TAMS 0x00000000e9f00000| PB 0x00000000e9f00000| Complete 
| 160|0x00000000ea000000, 0x00000000ea100000, 0x00000000ea100000|100%| E|CS|TAMS 0x00000000ea000000| PB 0x00000000ea000000| Complete 
| 161|0x00000000ea100000, 0x00000000ea200000, 0x00000000ea200000|100%| E|CS|TAMS 0x00000000ea100000| PB 0x00000000ea100000| Complete 
| 162|0x00000000ea200000, 0x00000000ea300000, 0x00000000ea300000|100%| E|CS|TAMS 0x00000000ea200000| PB 0x00000000ea200000| Complete 
| 163|0x00000000ea300000, 0x00000000ea400000, 0x00000000ea400000|100%| E|CS|TAMS 0x00000000ea300000| PB 0x00000000ea300000| Complete 
| 164|0x00000000ea400000, 0x00000000ea500000, 0x00000000ea500000|100%| E|CS|TAMS 0x00000000ea400000| PB 0x00000000ea400000| Complete 
| 165|0x00000000ea500000, 0x00000000ea600000, 0x00000000ea600000|100%| E|CS|TAMS 0x00000000ea500000| PB 0x00000000ea500000| Complete 
| 166|0x00000000ea600000, 0x00000000ea700000, 0x00000000ea700000|100%| E|CS|TAMS 0x00000000ea600000| PB 0x00000000ea600000| Complete 
| 167|0x00000000ea700000, 0x00000000ea800000, 0x00000000ea800000|100%| E|CS|TAMS 0x00000000ea700000| PB 0x00000000ea700000| Complete 
| 168|0x00000000ea800000, 0x00000000ea900000, 0x00000000ea900000|100%| E|CS|TAMS 0x00000000ea800000| PB 0x00000000ea800000| Complete 
| 169|0x00000000ea900000, 0x00000000eaa00000, 0x00000000eaa00000|100%| E|CS|TAMS 0x00000000ea900000| PB 0x00000000ea900000| Complete 
| 170|0x00000000eaa00000, 0x00000000eab00000, 0x00000000eab00000|100%| E|CS|TAMS 0x00000000eaa00000| PB 0x00000000eaa00000| Complete 
| 171|0x00000000eab00000, 0x00000000eac00000, 0x00000000eac00000|100%| E|CS|TAMS 0x00000000eab00000| PB 0x00000000eab00000| Complete 
| 172|0x00000000eac00000, 0x00000000ead00000, 0x00000000ead00000|100%| E|CS|TAMS 0x00000000eac00000| PB 0x00000000eac00000| Complete 
| 173|0x00000000ead00000, 0x00000000eae00000, 0x00000000eae00000|100%| E|CS|TAMS 0x00000000ead00000| PB 0x00000000ead00000| Complete 
| 174|0x00000000eae00000, 0x00000000eaf00000, 0x00000000eaf00000|100%| E|CS|TAMS 0x00000000eae00000| PB 0x00000000eae00000| Complete 
| 175|0x00000000eaf00000, 0x00000000eb000000, 0x00000000eb000000|100%| E|CS|TAMS 0x00000000eaf00000| PB 0x00000000eaf00000| Complete 
| 176|0x00000000eb000000, 0x00000000eb100000, 0x00000000eb100000|100%| E|CS|TAMS 0x00000000eb000000| PB 0x00000000eb000000| Complete 
| 177|0x00000000eb100000, 0x00000000eb200000, 0x00000000eb200000|100%| E|CS|TAMS 0x00000000eb100000| PB 0x00000000eb100000| Complete 
| 178|0x00000000eb200000, 0x00000000eb300000, 0x00000000eb300000|100%| E|CS|TAMS 0x00000000eb200000| PB 0x00000000eb200000| Complete 
| 179|0x00000000eb300000, 0x00000000eb400000, 0x00000000eb400000|100%| E|CS|TAMS 0x00000000eb300000| PB 0x00000000eb300000| Complete 
| 180|0x00000000eb400000, 0x00000000eb500000, 0x00000000eb500000|100%| E|CS|TAMS 0x00000000eb400000| PB 0x00000000eb400000| Complete 
| 181|0x00000000eb500000, 0x00000000eb600000, 0x00000000eb600000|100%| E|CS|TAMS 0x00000000eb500000| PB 0x00000000eb500000| Complete 
| 182|0x00000000eb600000, 0x00000000eb700000, 0x00000000eb700000|100%| E|CS|TAMS 0x00000000eb600000| PB 0x00000000eb600000| Complete 
| 183|0x00000000eb700000, 0x00000000eb800000, 0x00000000eb800000|100%| E|CS|TAMS 0x00000000eb700000| PB 0x00000000eb700000| Complete 
| 184|0x00000000eb800000, 0x00000000eb900000, 0x00000000eb900000|100%| E|CS|TAMS 0x00000000eb800000| PB 0x00000000eb800000| Complete 
| 185|0x00000000eb900000, 0x00000000eba00000, 0x00000000eba00000|100%| E|CS|TAMS 0x00000000eb900000| PB 0x00000000eb900000| Complete 
| 186|0x00000000eba00000, 0x00000000ebb00000, 0x00000000ebb00000|100%| E|CS|TAMS 0x00000000eba00000| PB 0x00000000eba00000| Complete 
| 187|0x00000000ebb00000, 0x00000000ebc00000, 0x00000000ebc00000|100%| E|CS|TAMS 0x00000000ebb00000| PB 0x00000000ebb00000| Complete 
| 188|0x00000000ebc00000, 0x00000000ebd00000, 0x00000000ebd00000|100%| E|CS|TAMS 0x00000000ebc00000| PB 0x00000000ebc00000| Complete 
| 189|0x00000000ebd00000, 0x00000000ebe00000, 0x00000000ebe00000|100%| E|CS|TAMS 0x00000000ebd00000| PB 0x00000000ebd00000| Complete 
| 190|0x00000000ebe00000, 0x00000000ebf00000, 0x00000000ebf00000|100%| E|CS|TAMS 0x00000000ebe00000| PB 0x00000000ebe00000| Complete 
| 191|0x00000000ebf00000, 0x00000000ebfe72a8, 0x00000000ec000000| 90%| S|CS|TAMS 0x00000000ebf00000| PB 0x00000000ebf00000| Complete 
| 192|0x00000000ec000000, 0x00000000ec100000, 0x00000000ec100000|100%| S|CS|TAMS 0x00000000ec000000| PB 0x00000000ec000000| Complete 
| 193|0x00000000ec100000, 0x00000000ec200000, 0x00000000ec200000|100%| S|CS|TAMS 0x00000000ec100000| PB 0x00000000ec100000| Complete 
| 194|0x00000000ec200000, 0x00000000ec300000, 0x00000000ec300000|100%| S|CS|TAMS 0x00000000ec200000| PB 0x00000000ec200000| Complete 
| 195|0x00000000ec300000, 0x00000000ec400000, 0x00000000ec400000|100%| S|CS|TAMS 0x00000000ec300000| PB 0x00000000ec300000| Complete 
| 196|0x00000000ec400000, 0x00000000ec500000, 0x00000000ec500000|100%| S|CS|TAMS 0x00000000ec400000| PB 0x00000000ec400000| Complete 
| 197|0x00000000ec500000, 0x00000000ec600000, 0x00000000ec600000|100%| S|CS|TAMS 0x00000000ec500000| PB 0x00000000ec500000| Complete 
| 198|0x00000000ec600000, 0x00000000ec700000, 0x00000000ec700000|100%| S|CS|TAMS 0x00000000ec600000| PB 0x00000000ec600000| Complete 
| 199|0x00000000ec700000, 0x00000000ec800000, 0x00000000ec800000|100%| S|CS|TAMS 0x00000000ec700000| PB 0x00000000ec700000| Complete 
| 200|0x00000000ec800000, 0x00000000ec900000, 0x00000000ec900000|100%| S|CS|TAMS 0x00000000ec800000| PB 0x00000000ec800000| Complete 
| 201|0x00000000ec900000, 0x00000000eca00000, 0x00000000eca00000|100%| S|CS|TAMS 0x00000000ec900000| PB 0x00000000ec900000| Complete 
| 202|0x00000000eca00000, 0x00000000ecb00000, 0x00000000ecb00000|100%| S|CS|TAMS 0x00000000eca00000| PB 0x00000000eca00000| Complete 
| 203|0x00000000ecb00000, 0x00000000ecc00000, 0x00000000ecc00000|100%| S|CS|TAMS 0x00000000ecb00000| PB 0x00000000ecb00000| Complete 
| 204|0x00000000ecc00000, 0x00000000ecd00000, 0x00000000ecd00000|100%| E|CS|TAMS 0x00000000ecc00000| PB 0x00000000ecc00000| Complete 
| 205|0x00000000ecd00000, 0x00000000ece00000, 0x00000000ece00000|100%| E|CS|TAMS 0x00000000ecd00000| PB 0x00000000ecd00000| Complete 
| 206|0x00000000ece00000, 0x00000000ecf00000, 0x00000000ecf00000|100%| E|CS|TAMS 0x00000000ece00000| PB 0x00000000ece00000| Complete 
| 207|0x00000000ecf00000, 0x00000000ed000000, 0x00000000ed000000|100%| E|CS|TAMS 0x00000000ecf00000| PB 0x00000000ecf00000| Complete 
| 208|0x00000000ed000000, 0x00000000ed100000, 0x00000000ed100000|100%| E|CS|TAMS 0x00000000ed000000| PB 0x00000000ed000000| Complete 
| 209|0x00000000ed100000, 0x00000000ed200000, 0x00000000ed200000|100%| E|CS|TAMS 0x00000000ed100000| PB 0x00000000ed100000| Complete 
| 210|0x00000000ed200000, 0x00000000ed300000, 0x00000000ed300000|100%| E|CS|TAMS 0x00000000ed200000| PB 0x00000000ed200000| Complete 
| 211|0x00000000ed300000, 0x00000000ed400000, 0x00000000ed400000|100%| E|CS|TAMS 0x00000000ed300000| PB 0x00000000ed300000| Complete 
| 212|0x00000000ed400000, 0x00000000ed500000, 0x00000000ed500000|100%| E|CS|TAMS 0x00000000ed400000| PB 0x00000000ed400000| Complete 
| 213|0x00000000ed500000, 0x00000000ed600000, 0x00000000ed600000|100%| E|CS|TAMS 0x00000000ed500000| PB 0x00000000ed500000| Complete 
| 214|0x00000000ed600000, 0x00000000ed700000, 0x00000000ed700000|100%| E|CS|TAMS 0x00000000ed600000| PB 0x00000000ed600000| Complete 
| 215|0x00000000ed700000, 0x00000000ed800000, 0x00000000ed800000|100%| E|CS|TAMS 0x00000000ed700000| PB 0x00000000ed700000| Complete 
| 216|0x00000000ed800000, 0x00000000ed900000, 0x00000000ed900000|100%| E|CS|TAMS 0x00000000ed800000| PB 0x00000000ed800000| Complete 
| 217|0x00000000ed900000, 0x00000000eda00000, 0x00000000eda00000|100%| E|CS|TAMS 0x00000000ed900000| PB 0x00000000ed900000| Complete 
| 218|0x00000000eda00000, 0x00000000edb00000, 0x00000000edb00000|100%| E|CS|TAMS 0x00000000eda00000| PB 0x00000000eda00000| Complete 
| 219|0x00000000edb00000, 0x00000000edc00000, 0x00000000edc00000|100%| E|CS|TAMS 0x00000000edb00000| PB 0x00000000edb00000| Complete 
| 220|0x00000000edc00000, 0x00000000edd00000, 0x00000000edd00000|100%| E|CS|TAMS 0x00000000edc00000| PB 0x00000000edc00000| Complete 
| 221|0x00000000edd00000, 0x00000000ede00000, 0x00000000ede00000|100%| E|CS|TAMS 0x00000000edd00000| PB 0x00000000edd00000| Complete 
| 222|0x00000000ede00000, 0x00000000edf00000, 0x00000000edf00000|100%| E|CS|TAMS 0x00000000ede00000| PB 0x00000000ede00000| Complete 
| 223|0x00000000edf00000, 0x00000000ee000000, 0x00000000ee000000|100%| E|CS|TAMS 0x00000000edf00000| PB 0x00000000edf00000| Complete 
| 224|0x00000000ee000000, 0x00000000ee100000, 0x00000000ee100000|100%| E|CS|TAMS 0x00000000ee000000| PB 0x00000000ee000000| Complete 
| 225|0x00000000ee100000, 0x00000000ee200000, 0x00000000ee200000|100%| E|CS|TAMS 0x00000000ee100000| PB 0x00000000ee100000| Complete 
| 226|0x00000000ee200000, 0x00000000ee300000, 0x00000000ee300000|100%| E|CS|TAMS 0x00000000ee200000| PB 0x00000000ee200000| Complete 
| 227|0x00000000ee300000, 0x00000000ee400000, 0x00000000ee400000|100%| E|CS|TAMS 0x00000000ee300000| PB 0x00000000ee300000| Complete 
| 228|0x00000000ee400000, 0x00000000ee500000, 0x00000000ee500000|100%| E|CS|TAMS 0x00000000ee400000| PB 0x00000000ee400000| Complete 
| 229|0x00000000ee500000, 0x00000000ee600000, 0x00000000ee600000|100%| E|CS|TAMS 0x00000000ee500000| PB 0x00000000ee500000| Complete 
| 230|0x00000000ee600000, 0x00000000ee700000, 0x00000000ee700000|100%| E|CS|TAMS 0x00000000ee600000| PB 0x00000000ee600000| Complete 
| 231|0x00000000ee700000, 0x00000000ee800000, 0x00000000ee800000|100%| E|CS|TAMS 0x00000000ee700000| PB 0x00000000ee700000| Complete 
| 232|0x00000000ee800000, 0x00000000ee900000, 0x00000000ee900000|100%| E|CS|TAMS 0x00000000ee800000| PB 0x00000000ee800000| Complete 
| 233|0x00000000ee900000, 0x00000000eea00000, 0x00000000eea00000|100%| E|CS|TAMS 0x00000000ee900000| PB 0x00000000ee900000| Complete 
| 234|0x00000000eea00000, 0x00000000eeb00000, 0x00000000eeb00000|100%| E|CS|TAMS 0x00000000eea00000| PB 0x00000000eea00000| Complete 
| 235|0x00000000eeb00000, 0x00000000eec00000, 0x00000000eec00000|100%| E|CS|TAMS 0x00000000eeb00000| PB 0x00000000eeb00000| Complete 
| 236|0x00000000eec00000, 0x00000000eed00000, 0x00000000eed00000|100%| E|CS|TAMS 0x00000000eec00000| PB 0x00000000eec00000| Complete 
| 237|0x00000000eed00000, 0x00000000eee00000, 0x00000000eee00000|100%| E|CS|TAMS 0x00000000eed00000| PB 0x00000000eed00000| Complete 
| 238|0x00000000eee00000, 0x00000000eef00000, 0x00000000eef00000|100%| E|CS|TAMS 0x00000000eee00000| PB 0x00000000eee00000| Complete 
| 239|0x00000000eef00000, 0x00000000ef000000, 0x00000000ef000000|100%| E|CS|TAMS 0x00000000eef00000| PB 0x00000000eef00000| Complete 
| 240|0x00000000ef000000, 0x00000000ef100000, 0x00000000ef100000|100%| E|CS|TAMS 0x00000000ef000000| PB 0x00000000ef000000| Complete 
| 241|0x00000000ef100000, 0x00000000ef200000, 0x00000000ef200000|100%| E|CS|TAMS 0x00000000ef100000| PB 0x00000000ef100000| Complete 
| 242|0x00000000ef200000, 0x00000000ef300000, 0x00000000ef300000|100%| E|CS|TAMS 0x00000000ef200000| PB 0x00000000ef200000| Complete 
| 243|0x00000000ef300000, 0x00000000ef400000, 0x00000000ef400000|100%| E|CS|TAMS 0x00000000ef300000| PB 0x00000000ef300000| Complete 
| 244|0x00000000ef400000, 0x00000000ef500000, 0x00000000ef500000|100%| E|CS|TAMS 0x00000000ef400000| PB 0x00000000ef400000| Complete 
| 245|0x00000000ef500000, 0x00000000ef600000, 0x00000000ef600000|100%| E|CS|TAMS 0x00000000ef500000| PB 0x00000000ef500000| Complete 
| 246|0x00000000ef600000, 0x00000000ef700000, 0x00000000ef700000|100%| E|CS|TAMS 0x00000000ef600000| PB 0x00000000ef600000| Complete 
| 247|0x00000000ef700000, 0x00000000ef800000, 0x00000000ef800000|100%| E|CS|TAMS 0x00000000ef700000| PB 0x00000000ef700000| Complete 
| 248|0x00000000ef800000, 0x00000000ef900000, 0x00000000ef900000|100%| E|CS|TAMS 0x00000000ef800000| PB 0x00000000ef800000| Complete 
| 249|0x00000000ef900000, 0x00000000efa00000, 0x00000000efa00000|100%| E|CS|TAMS 0x00000000ef900000| PB 0x00000000ef900000| Complete 
| 250|0x00000000efa00000, 0x00000000efb00000, 0x00000000efb00000|100%| E|CS|TAMS 0x00000000efa00000| PB 0x00000000efa00000| Complete 
| 251|0x00000000efb00000, 0x00000000efc00000, 0x00000000efc00000|100%| E|CS|TAMS 0x00000000efb00000| PB 0x00000000efb00000| Complete 
| 252|0x00000000efc00000, 0x00000000efd00000, 0x00000000efd00000|100%| E|CS|TAMS 0x00000000efc00000| PB 0x00000000efc00000| Complete 
| 253|0x00000000efd00000, 0x00000000efe00000, 0x00000000efe00000|100%| E|CS|TAMS 0x00000000efd00000| PB 0x00000000efd00000| Complete 
| 254|0x00000000efe00000, 0x00000000eff00000, 0x00000000eff00000|100%| E|CS|TAMS 0x00000000efe00000| PB 0x00000000efe00000| Complete 
| 255|0x00000000eff00000, 0x00000000f0000000, 0x00000000f0000000|100%| E|CS|TAMS 0x00000000eff00000| PB 0x00000000eff00000| Complete 

Card table byte_map: [0x0000026ce36e0000,0x0000026ce37e0000] _byte_map_base: 0x0000026ce2fe0000

Marking Bits: (CMBitMap*) 0x0000026cd0eba940
 Bits: [0x0000026ce37e0000, 0x0000026ce3fe0000)

Polling page: 0x0000026ccecd0000

Metaspace:

Usage:
  Non-class:     54.53 MB used.
      Class:      9.31 MB used.
       Both:     63.84 MB used.

Virtual space:
  Non-class space:       64.00 MB reserved,      55.50 MB ( 87%) committed,  1 nodes.
      Class space:      320.00 MB reserved,      10.25 MB (  3%) committed,  1 nodes.
             Both:      384.00 MB reserved,      65.75 MB ( 17%) committed. 

Chunk freelists:
   Non-Class:  8.34 MB
       Class:  5.66 MB
        Both:  14.00 MB

MaxMetaspaceSize: 384.00 MB
CompressedClassSpaceSize: 320.00 MB
Initial GC threshold: 21.00 MB
Current GC threshold: 97.94 MB
CDS: on
 - commit_granule_bytes: 65536.
 - commit_granule_words: 8192.
 - virtual_space_node_default_size: 8388608.
 - enlarge_chunks_in_place: 1.
 - use_allocation_guard: 0.


Internal statistics:

num_allocs_failed_limit: 9.
num_arena_births: 3384.
num_arena_deaths: 0.
num_vsnodes_births: 2.
num_vsnodes_deaths: 0.
num_space_committed: 1052.
num_space_uncommitted: 0.
num_chunks_returned_to_freelist: 9.
num_chunks_taken_from_freelist: 6459.
num_chunk_merges: 6.
num_chunk_splits: 4201.
num_chunks_enlarged: 2579.
num_inconsistent_stats: 0.

CodeHeap 'non-profiled nmethods': size=120000Kb used=4159Kb max_used=4159Kb free=115840Kb
 bounds [0x0000026cdbb60000, 0x0000026cdbf70000, 0x0000026ce3090000]
CodeHeap 'profiled nmethods': size=120000Kb used=14152Kb max_used=14152Kb free=105847Kb
 bounds [0x0000026cd4090000, 0x0000026cd4e70000, 0x0000026cdb5c0000]
CodeHeap 'non-nmethods': size=5760Kb used=1909Kb max_used=1964Kb free=3850Kb
 bounds [0x0000026cdb5c0000, 0x0000026cdb830000, 0x0000026cdbb60000]
CodeCache: size=245760Kb, used=20220Kb, max_used=20275Kb, free=225537Kb
 total_blobs=8156, nmethods=7381, adapters=678, full_count=0
Compilation: enabled, stopped_count=0, restarted_count=0

Compilation events (20 events):
Event: 33.310 Thread 0x0000026c8004f8c0 8030   !   3       org.gradle.internal.classloader.CachingClassLoader::loadClass (85 bytes)
Event: 33.310 Thread 0x0000026c8004f8c0 nmethod 8030 0x0000026cd4e4d010 code [0x0000026cd4e4d220, 0x0000026cd4e4d978]
Event: 33.311 Thread 0x0000026c8004f8c0 8031       3       com.google.common.collect.MapMakerInternalMap::get (23 bytes)
Event: 33.311 Thread 0x0000026c8004f8c0 nmethod 8031 0x0000026cd4e4db90 code [0x0000026cd4e4dda0, 0x0000026cd4e4e2a8]
Event: 33.311 Thread 0x0000026c8004f8c0 8032       3       com.google.common.collect.MapMakerInternalMap$Segment::postReadCleanup (18 bytes)
Event: 33.312 Thread 0x0000026c8004f8c0 nmethod 8032 0x0000026cd4e4e490 code [0x0000026cd4e4e660, 0x0000026cd4e4e978]
Event: 34.346 Thread 0x0000026c8004f8c0 8033       3       java.lang.NoSuchMethodException::<init> (6 bytes)
Event: 34.346 Thread 0x0000026c8004f8c0 nmethod 8033 0x0000026cd4e4ea90 code [0x0000026cd4e4ec40, 0x0000026cd4e4ee30]
Event: 34.349 Thread 0x0000026c80045810 8034       4       sun.security.provider.MD5::implCompress0 (1407 bytes)
Event: 34.831 Thread 0x0000026c8004f8c0 8035       3       java.lang.invoke.DirectMethodHandle$Holder::invokeStatic (14 bytes)
Event: 34.832 Thread 0x0000026c8004f8c0 nmethod 8035 0x0000026cd4e4ef10 code [0x0000026cd4e4f0e0, 0x0000026cd4e4f530]
Event: 34.832 Thread 0x0000026c8004f8c0 8036       3       java.lang.invoke.DirectMethodHandle$Holder::invokeStatic (17 bytes)
Event: 34.832 Thread 0x0000026c8004f8c0 nmethod 8036 0x0000026cd4e4f690 code [0x0000026cd4e4f860, 0x0000026cd4e4fd70]
Event: 35.378 Thread 0x0000026c8004f8c0 8038   !   2       jdk.internal.loader.Resource::getBytes (244 bytes)
Event: 35.380 Thread 0x0000026c8004f8c0 nmethod 8038 0x0000026cd4e4fe90 code [0x0000026cd4e50120, 0x0000026cd4e50b80]
Event: 35.380 Thread 0x0000026c8004f8c0 8039       3       java.io.ClassCache::get (56 bytes)
Event: 35.381 Thread 0x0000026c8004f8c0 nmethod 8039 0x0000026cd4e51310 code [0x0000026cd4e515a0, 0x0000026cd4e52200]
Event: 35.381 Thread 0x0000026c8004f8c0 8040       3       java.io.ClassCache::processQueue (32 bytes)
Event: 35.382 Thread 0x0000026c8004f8c0 nmethod 8040 0x0000026cd4e52690 code [0x0000026cd4e528a0, 0x0000026cd4e52e50]
Event: 35.827 Thread 0x0000026c8004f8c0 8041       3       java.lang.invoke.LambdaForm$MH/0x0000026ce80ef000::invoke (110 bytes)

GC Heap History (14 events):
Event: 1.895 GC heap before
{Heap before GC invocations=0 (full 0):
 garbage-first heap   total 262144K, used 26624K [0x00000000e0000000, 0x0000000100000000)
  region size 1024K, 23 young (23552K), 0 survivors (0K)
 Metaspace       used 2071K, committed 2240K, reserved 393216K
  class space    used 226K, committed 320K, reserved 327680K
}
Event: 1.913 GC heap after
{Heap after GC invocations=1 (full 0):
 garbage-first heap   total 262144K, used 10293K [0x00000000e0000000, 0x0000000100000000)
  region size 1024K, 3 young (3072K), 3 survivors (3072K)
 Metaspace       used 2071K, committed 2240K, reserved 393216K
  class space    used 226K, committed 320K, reserved 327680K
}
Event: 3.416 GC heap before
{Heap before GC invocations=1 (full 0):
 garbage-first heap   total 262144K, used 38965K [0x00000000e0000000, 0x0000000100000000)
  region size 1024K, 31 young (31744K), 3 survivors (3072K)
 Metaspace       used 4144K, committed 4352K, reserved 393216K
  class space    used 526K, committed 640K, reserved 327680K
}
Event: 3.421 GC heap after
{Heap after GC invocations=2 (full 0):
 garbage-first heap   total 262144K, used 11777K [0x00000000e0000000, 0x0000000100000000)
  region size 1024K, 2 young (2048K), 2 survivors (2048K)
 Metaspace       used 4144K, committed 4352K, reserved 393216K
  class space    used 526K, committed 640K, reserved 327680K
}
Event: 8.810 GC heap before
{Heap before GC invocations=2 (full 0):
 garbage-first heap   total 262144K, used 98817K [0x00000000e0000000, 0x0000000100000000)
  region size 1024K, 85 young (87040K), 2 survivors (2048K)
 Metaspace       used 16411K, committed 16960K, reserved 393216K
  class space    used 2329K, committed 2560K, reserved 327680K
}
Event: 8.828 GC heap after
{Heap after GC invocations=3 (full 0):
 garbage-first heap   total 262144K, used 21588K [0x00000000e0000000, 0x0000000100000000)
  region size 1024K, 10 young (10240K), 10 survivors (10240K)
 Metaspace       used 16411K, committed 16960K, reserved 393216K
  class space    used 2329K, committed 2560K, reserved 327680K
}
Event: 10.346 GC heap before
{Heap before GC invocations=3 (full 0):
 garbage-first heap   total 262144K, used 55380K [0x00000000e0000000, 0x0000000100000000)
  region size 1024K, 44 young (45056K), 10 survivors (10240K)
 Metaspace       used 20854K, committed 21504K, reserved 393216K
  class space    used 3074K, committed 3392K, reserved 327680K
}
Event: 10.357 GC heap after
{Heap after GC invocations=4 (full 0):
 garbage-first heap   total 262144K, used 24307K [0x00000000e0000000, 0x0000000100000000)
  region size 1024K, 13 young (13312K), 13 survivors (13312K)
 Metaspace       used 20854K, committed 21504K, reserved 393216K
  class space    used 3074K, committed 3392K, reserved 327680K
}
Event: 14.926 GC heap before
{Heap before GC invocations=5 (full 0):
 garbage-first heap   total 262144K, used 132851K [0x00000000e0000000, 0x0000000100000000)
  region size 1024K, 121 young (123904K), 13 survivors (13312K)
 Metaspace       used 34678K, committed 35968K, reserved 393216K
  class space    used 5050K, committed 5696K, reserved 327680K
}
Event: 14.948 GC heap after
{Heap after GC invocations=6 (full 0):
 garbage-first heap   total 262144K, used 33095K [0x00000000e0000000, 0x0000000100000000)
  region size 1024K, 12 young (12288K), 12 survivors (12288K)
 Metaspace       used 34678K, committed 35968K, reserved 393216K
  class space    used 5050K, committed 5696K, reserved 327680K
}
Event: 24.049 GC heap before
{Heap before GC invocations=7 (full 0):
 garbage-first heap   total 262144K, used 178503K [0x00000000e0000000, 0x0000000100000000)
  region size 1024K, 153 young (156672K), 12 survivors (12288K)
 Metaspace       used 52374K, committed 54016K, reserved 393216K
  class space    used 7702K, committed 8512K, reserved 327680K
}
Event: 24.068 GC heap after
{Heap after GC invocations=8 (full 0):
 garbage-first heap   total 262144K, used 39975K [0x00000000e0000000, 0x0000000100000000)
  region size 1024K, 19 young (19456K), 19 survivors (19456K)
 Metaspace       used 52374K, committed 54016K, reserved 393216K
  class space    used 7702K, committed 8512K, reserved 327680K
}
Event: 27.447 GC heap before
{Heap before GC invocations=8 (full 0):
 garbage-first heap   total 262144K, used 92199K [0x00000000e0000000, 0x0000000100000000)
  region size 1024K, 71 young (72704K), 19 survivors (19456K)
 Metaspace       used 58442K, committed 60096K, reserved 393216K
  class space    used 8430K, committed 9280K, reserved 327680K
}
Event: 27.466 GC heap after
{Heap after GC invocations=9 (full 0):
 garbage-first heap   total 262144K, used 43985K [0x00000000e0000000, 0x0000000100000000)
  region size 1024K, 13 young (13312K), 13 survivors (13312K)
 Metaspace       used 58442K, committed 60096K, reserved 393216K
  class space    used 8430K, committed 9280K, reserved 327680K
}

Dll operation events (14 events):
Event: 0.030 Loaded shared library C:\Users\harsh\.vscode\extensions\redhat.java-1.53.0-win32-x64\jre\21.0.10-win32-x86_64\bin\java.dll
Event: 0.152 Loaded shared library C:\Users\harsh\.vscode\extensions\redhat.java-1.53.0-win32-x64\jre\21.0.10-win32-x86_64\bin\zip.dll
Event: 0.195 Loaded shared library C:\Users\harsh\.vscode\extensions\redhat.java-1.53.0-win32-x64\jre\21.0.10-win32-x86_64\bin\instrument.dll
Event: 0.206 Loaded shared library C:\Users\harsh\.vscode\extensions\redhat.java-1.53.0-win32-x64\jre\21.0.10-win32-x86_64\bin\net.dll
Event: 0.210 Loaded shared library C:\Users\harsh\.vscode\extensions\redhat.java-1.53.0-win32-x64\jre\21.0.10-win32-x86_64\bin\nio.dll
Event: 0.228 Loaded shared library C:\Users\harsh\.vscode\extensions\redhat.java-1.53.0-win32-x64\jre\21.0.10-win32-x86_64\bin\zip.dll
Event: 1.114 Loaded shared library C:\Users\harsh\.vscode\extensions\redhat.java-1.53.0-win32-x64\jre\21.0.10-win32-x86_64\bin\jimage.dll
Event: 1.581 Loaded shared library C:\Users\harsh\.vscode\extensions\redhat.java-1.53.0-win32-x64\jre\21.0.10-win32-x86_64\bin\verify.dll
Event: 1.987 Loaded shared library C:\Users\harsh\.gradle\native\c067742578af261105cb4f569cf0c3c89f3d7b1fecec35dd04571415982c5e48\windows-amd64\native-platform.dll
Event: 2.009 Loaded shared library C:\Users\harsh\.gradle\native\100fb08df4bc3b14c8652ba06237920a3bd2aa13389f12d3474272988ae205f9\windows-amd64\native-platform-file-events.dll
Event: 4.699 Loaded shared library C:\Users\harsh\.vscode\extensions\redhat.java-1.53.0-win32-x64\jre\21.0.10-win32-x86_64\bin\management.dll
Event: 4.710 Loaded shared library C:\Users\harsh\.vscode\extensions\redhat.java-1.53.0-win32-x64\jre\21.0.10-win32-x86_64\bin\management_ext.dll
Event: 5.418 Loaded shared library C:\Users\harsh\.vscode\extensions\redhat.java-1.53.0-win32-x64\jre\21.0.10-win32-x86_64\bin\extnet.dll
Event: 5.930 Loaded shared library C:\Users\harsh\.vscode\extensions\redhat.java-1.53.0-win32-x64\jre\21.0.10-win32-x86_64\bin\sunmscapi.dll

Deoptimization events (20 events):
Event: 32.632 Thread 0x0000026c80420dc0 Uncommon trap: trap_request=0xffffffde fr.pc=0x0000026cdbd66598 relative=0x00000000000008d8
Event: 32.632 Thread 0x0000026c80420dc0 Uncommon trap: reason=class_check action=maybe_recompile pc=0x0000026cdbd66598 method=java.util.regex.Matcher.search(I)Z @ 121 c2
Event: 32.632 Thread 0x0000026c80420dc0 DEOPT PACKING pc=0x0000026cdbd66598 sp=0x000000cb6c0f7190
Event: 32.632 Thread 0x0000026c80420dc0 DEOPT UNPACKING pc=0x0000026cdb614422 sp=0x000000cb6c0f7160 mode 2
Event: 32.765 Thread 0x0000026c80420dc0 Uncommon trap: trap_request=0xffffffc6 fr.pc=0x0000026cdbd637e8 relative=0x00000000000006c8
Event: 32.765 Thread 0x0000026c80420dc0 Uncommon trap: reason=bimorphic_or_optimized_type_check action=maybe_recompile pc=0x0000026cdbd637e8 method=java.util.regex.Pattern$Start.match(Ljava/util/regex/Matcher;ILjava/lang/CharSequence;)Z @ 44 c2
Event: 32.765 Thread 0x0000026c80420dc0 DEOPT PACKING pc=0x0000026cdbd637e8 sp=0x000000cb6c0f6670
Event: 32.765 Thread 0x0000026c80420dc0 DEOPT UNPACKING pc=0x0000026cdb614422 sp=0x000000cb6c0f6610 mode 2
Event: 33.089 Thread 0x0000026c80420dc0 DEOPT PACKING pc=0x0000026cd416c978 sp=0x000000cb6c0f8e80
Event: 33.089 Thread 0x0000026c80420dc0 DEOPT UNPACKING pc=0x0000026cdb614bc2 sp=0x000000cb6c0f8368 mode 0
Event: 33.121 Thread 0x0000026c80420dc0 Uncommon trap: trap_request=0xfffffff4 fr.pc=0x0000026cdbef4b20 relative=0x0000000000000400
Event: 33.121 Thread 0x0000026c80420dc0 Uncommon trap: reason=null_check action=make_not_entrant pc=0x0000026cdbef4b20 method=org.gradle.util.internal.SimpleMapInterner.intern(Ljava/lang/Object;)Ljava/lang/Object; @ 2 c2
Event: 33.121 Thread 0x0000026c80420dc0 DEOPT PACKING pc=0x0000026cdbef4b20 sp=0x000000cb6c0f96d0
Event: 33.121 Thread 0x0000026c80420dc0 DEOPT UNPACKING pc=0x0000026cdb614422 sp=0x000000cb6c0f9688 mode 2
Event: 33.160 Thread 0x0000026c80420dc0 DEOPT PACKING pc=0x0000026cd41709d9 sp=0x000000cb6c0f7320
Event: 33.160 Thread 0x0000026c80420dc0 DEOPT UNPACKING pc=0x0000026cdb614bc2 sp=0x000000cb6c0f67a8 mode 0
Event: 33.289 Thread 0x0000026c80420dc0 Uncommon trap: trap_request=0xffffff45 fr.pc=0x0000026cdbdf58d4 relative=0x0000000000000134
Event: 33.289 Thread 0x0000026c80420dc0 Uncommon trap: reason=unstable_if action=reinterpret pc=0x0000026cdbdf58d4 method=org.objectweb.asm.ByteVector.putInt(I)Lorg/objectweb/asm/ByteVector; @ 13 c2
Event: 33.289 Thread 0x0000026c80420dc0 DEOPT PACKING pc=0x0000026cdbdf58d4 sp=0x000000cb6c0f7cd0
Event: 33.289 Thread 0x0000026c80420dc0 DEOPT UNPACKING pc=0x0000026cdb614422 sp=0x000000cb6c0f7c58 mode 2

Classes loaded (20 events):
Event: 32.090 Loading class jdk/xml/internal/XMLSecurityManager$NameMap
Event: 32.090 Loading class jdk/xml/internal/XMLSecurityManager$NameMap done
Event: 32.091 Loading class com/sun/org/apache/xerces/internal/utils/XMLSecurityPropertyManager
Event: 32.093 Loading class com/sun/org/apache/xerces/internal/utils/XMLSecurityPropertyManager done
Event: 32.093 Loading class com/sun/org/apache/xerces/internal/utils/XMLSecurityPropertyManager$State
Event: 32.093 Loading class com/sun/org/apache/xerces/internal/utils/XMLSecurityPropertyManager$State done
Event: 32.094 Loading class com/sun/org/apache/xerces/internal/utils/XMLSecurityPropertyManager$Property
Event: 32.097 Loading class com/sun/org/apache/xerces/internal/utils/XMLSecurityPropertyManager$Property done
Event: 32.098 Loading class javax/xml/parsers/DocumentBuilderFactory
Event: 32.102 Loading class javax/xml/parsers/DocumentBuilderFactory done
Event: 32.102 Loading class javax/xml/parsers/FactoryFinder
Event: 32.102 Loading class javax/xml/parsers/FactoryFinder done
Event: 32.103 Loading class javax/xml/parsers/FactoryFinder$1
Event: 32.103 Loading class javax/xml/parsers/FactoryFinder$1 done
Event: 32.104 Loading class com/sun/org/apache/xerces/internal/jaxp/DocumentBuilderFactoryImpl
Event: 32.110 Loading class com/sun/org/apache/xerces/internal/jaxp/DocumentBuilderFactoryImpl done
Event: 32.232 Loading class java/util/regex/Pattern$SliceI
Event: 32.232 Loading class java/util/regex/Pattern$SliceI done
Event: 33.215 Loading class java/net/SocketTimeoutException
Event: 33.216 Loading class java/net/SocketTimeoutException done

Classes unloaded (0 events):
No events

Classes redefined (0 events):
No events

Internal exceptions (20 events):
Event: 28.788 Thread 0x0000026c80420dc0 Exception <a 'java/lang/NoSuchMethodError'{0x00000000eed65790}: static Lorg/gradle/api/internal/catalog/DependencyModel;.<clinit>()V> (0x00000000eed65790) 
thrown [s\src\hotspot\share\prims\jni.cpp, line 1111]
Event: 28.788 Thread 0x0000026c80420dc0 Exception <a 'java/lang/NoSuchMethodError'{0x00000000eed69478}: static Lorg/gradle/api/internal/catalog/AbstractContextAwareModel;.<clinit>()V> (0x00000000eed69478) 
thrown [s\src\hotspot\share\prims\jni.cpp, line 1111]
Event: 28.792 Thread 0x0000026c80420dc0 Exception <a 'java/lang/NoSuchMethodError'{0x00000000eed810a8}: static Lorg/gradle/api/internal/artifacts/dependencies/AbstractVersionConstraint;.<clinit>()V> (0x00000000eed810a8) 
thrown [s\src\hotspot\share\prims\jni.cpp, line 1111]
Event: 28.827 Thread 0x0000026c80420dc0 Exception <a 'java/lang/NoSuchMethodError'{0x00000000eec2e9e8}: static Lorg/gradle/api/internal/catalog/PluginModel;.<clinit>()V> (0x00000000eec2e9e8) 
thrown [s\src\hotspot\share\prims\jni.cpp, line 1111]
Event: 28.830 Thread 0x0000026c80420dc0 Exception <a 'java/lang/NoSuchMethodError'{0x00000000eec44478}: static Lorg/gradle/api/internal/catalog/VersionModel;.<clinit>()V> (0x00000000eec44478) 
thrown [s\src\hotspot\share\prims\jni.cpp, line 1111]
Event: 28.839 Thread 0x0000026c80420dc0 Exception <a 'java/lang/NoSuchMethodError'{0x00000000eec59290}: 'void java.lang.invoke.DirectMethodHandle$Holder.invokeSpecial(java.lang.Object, java.lang.Object, java.lang.Object, int)'> (0x00000000eec59290) 
thrown [s\src\hotspot\share\interpreter\linkResolver.cpp, line 773]
Event: 32.119 Thread 0x0000026c80420dc0 Exception <a 'java/lang/NoSuchMethodError'{0x00000000eb67a5b0}: 'java.lang.Object java.lang.invoke.DirectMethodHandle$Holder.newInvokeSpecial(java.lang.Object, java.lang.Object, java.lang.Object, java.lang.Object, java.lang.Object, java.lang.Object, java.lang.Object, java.lang.Object, java.lang.Object, java.lang.Object, java.lang.Object, java.lang.Object, java.lang.Object, java.lang.Object, java.lang.Object, java.lang.Object)'> (0x00000000eb67a5b0) 
thrown [s\src\hotspot\share\interpreter\linkResolver.cpp,
Event: 32.119 Thread 0x0000026c80420dc0 Exception <a 'java/lang/NoSuchMethodError'{0x00000000eb681630}: 'java.lang.Object java.lang.invoke.DirectMethodHandle$Holder.invokeSpecial(java.lang.Object, java.lang.Object, java.lang.Object, java.lang.Object, java.lang.Object, java.lang.Object, java.lang.Object, java.lang.Object, java.lang.Object, java.lang.Object, java.lang.Object, java.lang.Object, java.lang.Object, java.lang.Object, java.lang.Object, java.lang.Object, java.lang.Object)'> (0x00000000eb681630) 
thrown [s\src\hotspot\share\interpreter\li
Event: 32.120 Thread 0x0000026c80420dc0 Exception <a 'java/lang/NoSuchMethodError'{0x00000000eb687280}: 'java.lang.Object java.lang.invoke.DelegatingMethodHandle$Holder.reinvoke_L(java.lang.Object, java.lang.Object, java.lang.Object, java.lang.Object, java.lang.Object, java.lang.Object, java.lang.Object, java.lang.Object, java.lang.Object, java.lang.Object, java.lang.Object, java.lang.Object, java.lang.Object, java.lang.Object, java.lang.Object, java.lang.Object)'> (0x00000000eb687280) 
thrown [s\src\hotspot\share\interpreter\linkResolver.cpp, l
Event: 32.708 Thread 0x0000026c80420dc0 Exception <a 'java/lang/NoSuchMethodError'{0x00000000ea70e640}: 'java.lang.Object java.lang.invoke.DirectMethodHandle$Holder.newInvokeSpecial(java.lang.Object, java.lang.Object, java.lang.Object, java.lang.Object, java.lang.Object, java.lang.Object, java.lang.Object, java.lang.Object, java.lang.Object, java.lang.Object, java.lang.Object, java.lang.Object, java.lang.Object, java.lang.Object, java.lang.Object, java.lang.Object, java.lang.Object, java.lang.Object, java.lang.Object, java.lang.Object, java.lang
Event: 32.970 Thread 0x0000026c80420dc0 Exception <a 'java/lang/NoSuchMethodError'{0x00000000ea2b2ca0}: 'void java.lang.invoke.DirectMethodHandle$Holder.invokeInterface(java.lang.Object, java.lang.Object, java.lang.Object, java.lang.Object)'> (0x00000000ea2b2ca0) 
thrown [s\src\hotspot\share\interpreter\linkResolver.cpp, line 773]
Event: 33.121 Thread 0x0000026c80420dc0 Implicit null exception at 0x0000026cdbef475d to 0x0000026cdbef4b10
Event: 34.346 Thread 0x0000026c80420dc0 Exception <a 'java/lang/NoSuchMethodError'{0x00000000e9a5c400}: static Lorg/jetbrains/kotlin/gradle/plugin/internal/DefaultConfigurationTimePropertiesAccessorVariantFactory;.<clinit>()V> (0x00000000e9a5c400) 
thrown [s\src\hotspot\share\prims\jni.cpp, line 1111]
Event: 34.349 Thread 0x0000026c80420dc0 Exception <a 'java/lang/NoSuchMethodError'{0x00000000e9a7a4f8}: static Lorg/jetbrains/kotlin/gradle/plugin/internal/DefaultProjectIsolationStartParameterAccessorVariantFactory;.<clinit>()V> (0x00000000e9a7a4f8) 
thrown [s\src\hotspot\share\prims\jni.cpp, line 1111]
Event: 34.352 Thread 0x0000026c80420dc0 Exception <a 'java/lang/NoSuchMethodError'{0x00000000e9aa4ea8}: static Lorg/jetbrains/kotlin/gradle/plugin/internal/DefaultArtifactTypeAttributeAccessorVariantFactory;.<clinit>()V> (0x00000000e9aa4ea8) 
thrown [s\src\hotspot\share\prims\jni.cpp, line 1111]
Event: 34.355 Thread 0x0000026c80420dc0 Exception <a 'java/lang/NoSuchMethodError'{0x00000000e9acf390}: static Lorg/jetbrains/kotlin/gradle/plugin/internal/DefaultCompatibilityConventionRegistrar$Factory;.<clinit>()V> (0x00000000e9acf390) 
thrown [s\src\hotspot\share\prims\jni.cpp, line 1111]
Event: 34.357 Thread 0x0000026c80420dc0 Exception <a 'java/lang/NoSuchMethodError'{0x00000000e9aedfb0}: static Lorg/jetbrains/kotlin/gradle/plugin/internal/DefaultJavaSourceSetsAccessorVariantFactory;.<clinit>()V> (0x00000000e9aedfb0) 
thrown [s\src\hotspot\share\prims\jni.cpp, line 1111]
Event: 35.376 Thread 0x0000026c80420dc0 Exception <a 'java/lang/NoSuchMethodError'{0x00000000e990c6c0}: static Lorg/jetbrains/kotlin/gradle/plugin/internal/DefaultIdeaSyncDetectorVariantFactory;.<clinit>()V> (0x00000000e990c6c0) 
thrown [s\src\hotspot\share\prims\jni.cpp, line 1111]
Event: 35.379 Thread 0x0000026c80420dc0 Exception <a 'java/lang/NoSuchMethodError'{0x00000000e992bf78}: static Lorg/jetbrains/kotlin/gradle/plugin/internal/DefaultKotlinTestReportCompatibilityHelperVariantFactory;.<clinit>()V> (0x00000000e992bf78) 
thrown [s\src\hotspot\share\prims\jni.cpp, line 1111]
Event: 35.382 Thread 0x0000026c80420dc0 Exception <a 'java/lang/NoSuchMethodError'{0x00000000e994b250}: static Lorg/jetbrains/kotlin/gradle/plugin/internal/DefaultMppTestReportHelperVariantFactory;.<clinit>()V> (0x00000000e994b250) 
thrown [s\src\hotspot\share\prims\jni.cpp, line 1111]

ZGC Phase Switch (0 events):
No events

VM Operations (20 events):
Event: 28.503 Executing safepoint VM operation: Cleanup
Event: 28.503 Executing safepoint VM operation: Cleanup done
Event: 28.732 Executing non-safepoint VM operation: HandshakeAllThreads (Deoptimize)
Event: 28.732 Executing non-safepoint VM operation: HandshakeAllThreads (Deoptimize) done
Event: 29.746 Executing safepoint VM operation: Cleanup
Event: 30.056 Executing safepoint VM operation: Cleanup done
Event: 30.782 Executing safepoint VM operation: ICBufferFull
Event: 30.782 Executing safepoint VM operation: ICBufferFull done
Event: 31.701 Executing safepoint VM operation: ICBufferFull
Event: 31.701 Executing safepoint VM operation: ICBufferFull done
Event: 32.582 Executing safepoint VM operation: ICBufferFull
Event: 32.593 Executing safepoint VM operation: ICBufferFull done
Event: 33.218 Executing non-safepoint VM operation: HandshakeAllThreads (Deoptimize)
Event: 33.218 Executing non-safepoint VM operation: HandshakeAllThreads (Deoptimize) done
Event: 34.222 Executing safepoint VM operation: Cleanup
Event: 34.344 Executing safepoint VM operation: Cleanup done
Event: 35.358 Executing safepoint VM operation: Cleanup
Event: 35.373 Executing safepoint VM operation: Cleanup done
Event: 36.374 Executing safepoint VM operation: Cleanup
Event: 36.374 Executing safepoint VM operation: Cleanup done

Memory protections (0 events):
No events

Nmethod flushes (20 events):
Event: 27.492 Thread 0x0000026ce6c6eb40 flushing  nmethod 0x0000026cd4105d90
Event: 27.492 Thread 0x0000026ce6c6eb40 flushing  nmethod 0x0000026cd410a390
Event: 27.492 Thread 0x0000026ce6c6eb40 flushing  nmethod 0x0000026cd410ad10
Event: 27.492 Thread 0x0000026ce6c6eb40 flushing  nmethod 0x0000026cd4150d90
Event: 27.492 Thread 0x0000026ce6c6eb40 flushing  nmethod 0x0000026cd4151610
Event: 27.492 Thread 0x0000026ce6c6eb40 flushing  nmethod 0x0000026cd4156910
Event: 27.492 Thread 0x0000026ce6c6eb40 flushing  nmethod 0x0000026cd4159c90
Event: 27.492 Thread 0x0000026ce6c6eb40 flushing  nmethod 0x0000026cd41b0f90
Event: 27.492 Thread 0x0000026ce6c6eb40 flushing  nmethod 0x0000026cd41b9890
Event: 27.492 Thread 0x0000026ce6c6eb40 flushing  nmethod 0x0000026cd4207910
Event: 27.492 Thread 0x0000026ce6c6eb40 flushing  nmethod 0x0000026cd4209e90
Event: 27.492 Thread 0x0000026ce6c6eb40 flushing  nmethod 0x0000026cd435d290
Event: 27.492 Thread 0x0000026ce6c6eb40 flushing  nmethod 0x0000026cd4360790
Event: 27.492 Thread 0x0000026ce6c6eb40 flushing  nmethod 0x0000026cd4361390
Event: 27.492 Thread 0x0000026ce6c6eb40 flushing  nmethod 0x0000026cd43da890
Event: 27.492 Thread 0x0000026ce6c6eb40 flushing  nmethod 0x0000026cd43dac90
Event: 27.492 Thread 0x0000026ce6c6eb40 flushing  nmethod 0x0000026cd43e0910
Event: 27.492 Thread 0x0000026ce6c6eb40 flushing  nmethod 0x0000026cd4404390
Event: 27.492 Thread 0x0000026ce6c6eb40 flushing  nmethod 0x0000026cd440af10
Event: 27.492 Thread 0x0000026ce6c6eb40 flushing  nmethod 0x0000026cd488f710

Events (20 events):
Event: 30.625 Thread 0x0000026c80420dc0 Thread added: 0x0000026c84e6f070
Event: 30.631 Thread 0x0000026c80420dc0 Thread added: 0x0000026c84e6c910
Event: 30.641 Thread 0x0000026c80420dc0 Thread added: 0x0000026c84e6e9e0
Event: 30.798 Thread 0x0000026c80420dc0 Thread added: 0x0000026c84e6cfa0
Event: 30.800 Thread 0x0000026c80420dc0 Thread added: 0x0000026c84e6bbf0
Event: 30.807 Thread 0x0000026c80420dc0 Thread added: 0x0000026c84e6d630
Event: 30.819 Thread 0x0000026c80420dc0 Thread added: 0x0000026c84e70420
Event: 30.834 Thread 0x0000026c80420dc0 Thread added: 0x0000026c84e70ab0
Event: 30.835 Thread 0x0000026c80420dc0 Thread added: 0x0000026c84e6fd90
Event: 30.837 Thread 0x0000026c80420dc0 Thread added: 0x0000026c84e71140
Event: 30.838 Thread 0x0000026c80420dc0 Thread added: 0x0000026c84e6f700
Event: 30.839 Thread 0x0000026c80420dc0 Thread added: 0x0000026c84e6dcc0
Event: 30.867 Thread 0x0000026c80420dc0 Thread added: 0x0000026c84e717d0
Event: 30.898 Thread 0x0000026c80420dc0 Thread added: 0x0000026c84e71e60
Event: 31.796 Thread 0x0000026c80051400 Thread exited: 0x0000026c80051400
Event: 31.862 Thread 0x0000026c8004f8c0 Thread added: 0x0000026c8004e450
Event: 32.137 Thread 0x0000026c8004e450 Thread exited: 0x0000026c8004e450
Event: 32.331 Thread 0x0000026c80420dc0 Thread added: 0x0000026c84e724f0
Event: 32.568 Thread 0x0000026c8004f8c0 Thread added: 0x0000026c80051400
Event: 33.082 Thread 0x0000026c80051400 Thread exited: 0x0000026c80051400


Dynamic libraries:
0x00007ff74a210000 - 0x00007ff74a21e000 	C:\Users\harsh\.vscode\extensions\redhat.java-1.53.0-win32-x64\jre\21.0.10-win32-x86_64\bin\java.exe
0x00007fffffa60000 - 0x00007fffffcc7000 	C:\WINDOWS\SYSTEM32\ntdll.dll
0x00007fffff2f0000 - 0x00007fffff3b9000 	C:\WINDOWS\System32\KERNEL32.DLL
0x00007ffffc4b0000 - 0x00007ffffc8a4000 	C:\WINDOWS\System32\KERNELBASE.dll
0x00007ffffccf0000 - 0x00007ffffce3b000 	C:\WINDOWS\System32\ucrtbase.dll
0x00007fffd26d0000 - 0x00007fffd26e8000 	C:\Users\harsh\.vscode\extensions\redhat.java-1.53.0-win32-x64\jre\21.0.10-win32-x86_64\bin\jli.dll
0x00007ffffeb90000 - 0x00007ffffed55000 	C:\WINDOWS\System32\USER32.dll
0x00007ffffccc0000 - 0x00007ffffcce7000 	C:\WINDOWS\System32\win32u.dll
0x00007ffffeb60000 - 0x00007ffffeb8b000 	C:\WINDOWS\System32\GDI32.dll
0x00007ffffcb90000 - 0x00007ffffccba000 	C:\WINDOWS\System32\gdi32full.dll
0x00007ffffd740000 - 0x00007ffffd7e3000 	C:\WINDOWS\System32\msvcp_win.dll
0x00007fffe9610000 - 0x00007fffe98a3000 	C:\WINDOWS\WinSxS\amd64_microsoft.windows.common-controls_6595b64144ccf1df_6.0.26100.8115_none_3e075c82e3354f9c\COMCTL32.dll
0x00007fffca2f0000 - 0x00007fffca30e000 	C:\Users\harsh\.vscode\extensions\redhat.java-1.53.0-win32-x64\jre\21.0.10-win32-x86_64\bin\VCRUNTIME140.dll
0x00007ffffd8c0000 - 0x00007ffffd969000 	C:\WINDOWS\System32\msvcrt.dll
0x00007ffffd7f0000 - 0x00007ffffd822000 	C:\WINDOWS\System32\IMM32.DLL
0x00007fffea580000 - 0x00007fffea58c000 	C:\Users\harsh\.vscode\extensions\redhat.java-1.53.0-win32-x64\jre\21.0.10-win32-x86_64\bin\vcruntime140_1.dll
0x00007fffaa020000 - 0x00007fffaa0ad000 	C:\Users\harsh\.vscode\extensions\redhat.java-1.53.0-win32-x64\jre\21.0.10-win32-x86_64\bin\msvcp140.dll
0x00007fff55200000 - 0x00007fff55fa1000 	C:\Users\harsh\.vscode\extensions\redhat.java-1.53.0-win32-x64\jre\21.0.10-win32-x86_64\bin\server\jvm.dll
0x00007fffff3c0000 - 0x00007fffff476000 	C:\WINDOWS\System32\ADVAPI32.dll
0x00007ffffdfa0000 - 0x00007ffffe047000 	C:\WINDOWS\System32\sechost.dll
0x00007fffff480000 - 0x00007fffff598000 	C:\WINDOWS\System32\RPCRT4.dll
0x00007ffffead0000 - 0x00007ffffeb50000 	C:\WINDOWS\System32\WS2_32.dll
0x00007ffffc190000 - 0x00007ffffc1ee000 	C:\WINDOWS\SYSTEM32\POWRPROF.dll
0x00007ffff6970000 - 0x00007ffff697b000 	C:\WINDOWS\SYSTEM32\VERSION.dll
0x00007ffff6930000 - 0x00007ffff6966000 	C:\WINDOWS\SYSTEM32\WINMM.dll
0x00007ffffc170000 - 0x00007ffffc184000 	C:\WINDOWS\SYSTEM32\UMPDC.dll
0x00007ffffb0c0000 - 0x00007ffffb0db000 	C:\WINDOWS\SYSTEM32\kernel.appcore.dll
0x00007fffdacf0000 - 0x00007fffdacfa000 	C:\Users\harsh\.vscode\extensions\redhat.java-1.53.0-win32-x64\jre\21.0.10-win32-x86_64\bin\jimage.dll
0x00007ffffa0b0000 - 0x00007ffffa2f2000 	C:\WINDOWS\SYSTEM32\DBGHELP.DLL
0x00007ffffd970000 - 0x00007ffffdcf2000 	C:\WINDOWS\System32\combase.dll
0x00007ffffe8f0000 - 0x00007ffffe9c7000 	C:\WINDOWS\System32\OLEAUT32.dll
0x00007fffe4220000 - 0x00007fffe425b000 	C:\WINDOWS\SYSTEM32\dbgcore.DLL
0x00007ffffcae0000 - 0x00007ffffcb85000 	C:\WINDOWS\System32\bcryptPrimitives.dll
0x00007fffca2e0000 - 0x00007fffca2ef000 	C:\Users\harsh\.vscode\extensions\redhat.java-1.53.0-win32-x64\jre\21.0.10-win32-x86_64\bin\instrument.dll
0x00007fffc76f0000 - 0x00007fffc7710000 	C:\Users\harsh\.vscode\extensions\redhat.java-1.53.0-win32-x64\jre\21.0.10-win32-x86_64\bin\java.dll
0x00007ffffe130000 - 0x00007ffffe896000 	C:\WINDOWS\System32\SHELL32.dll
0x00007ffffc8b0000 - 0x00007ffffca1a000 	C:\WINDOWS\System32\wintypes.dll
0x00007ffffced0000 - 0x00007ffffd735000 	C:\WINDOWS\System32\windows.storage.dll
0x00007fffff920000 - 0x00007fffffa17000 	C:\WINDOWS\System32\SHCORE.dll
0x00007ffffd830000 - 0x00007ffffd896000 	C:\WINDOWS\System32\shlwapi.dll
0x00007ffffc250000 - 0x00007ffffc279000 	C:\WINDOWS\SYSTEM32\profapi.dll
0x00007fffc73a0000 - 0x00007fffc73b8000 	C:\Users\harsh\.vscode\extensions\redhat.java-1.53.0-win32-x64\jre\21.0.10-win32-x86_64\bin\zip.dll
0x00007fffd4bb0000 - 0x00007fffd4bc0000 	C:\Users\harsh\.vscode\extensions\redhat.java-1.53.0-win32-x64\jre\21.0.10-win32-x86_64\bin\net.dll
0x00007ffff2a80000 - 0x00007ffff2bad000 	C:\WINDOWS\SYSTEM32\WINHTTP.dll
0x00007ffffb630000 - 0x00007ffffb69c000 	C:\WINDOWS\system32\mswsock.dll
0x00007fffc7380000 - 0x00007fffc7396000 	C:\Users\harsh\.vscode\extensions\redhat.java-1.53.0-win32-x64\jre\21.0.10-win32-x86_64\bin\nio.dll
0x00007fffc76e0000 - 0x00007fffc76f0000 	C:\Users\harsh\.vscode\extensions\redhat.java-1.53.0-win32-x64\jre\21.0.10-win32-x86_64\bin\verify.dll
0x00007fffc8bb0000 - 0x00007fffc8bd7000 	C:\Users\harsh\.gradle\native\c067742578af261105cb4f569cf0c3c89f3d7b1fecec35dd04571415982c5e48\windows-amd64\native-platform.dll
0x00007fff95890000 - 0x00007fff959d4000 	C:\Users\harsh\.gradle\native\100fb08df4bc3b14c8652ba06237920a3bd2aa13389f12d3474272988ae205f9\windows-amd64\native-platform-file-events.dll
0x00007fffea4b0000 - 0x00007fffea4ba000 	C:\Users\harsh\.vscode\extensions\redhat.java-1.53.0-win32-x64\jre\21.0.10-win32-x86_64\bin\management.dll
0x00007fffcedc0000 - 0x00007fffcedcc000 	C:\Users\harsh\.vscode\extensions\redhat.java-1.53.0-win32-x64\jre\21.0.10-win32-x86_64\bin\management_ext.dll
0x00007ffffed70000 - 0x00007ffffed78000 	C:\WINDOWS\System32\PSAPI.DLL
0x00007ffffb910000 - 0x00007ffffb92b000 	C:\WINDOWS\SYSTEM32\CRYPTSP.dll
0x00007ffffb020000 - 0x00007ffffb059000 	C:\WINDOWS\system32\rsaenh.dll
0x00007ffffb6e0000 - 0x00007ffffb713000 	C:\WINDOWS\SYSTEM32\USERENV.dll
0x00007ffffc220000 - 0x00007ffffc24a000 	C:\WINDOWS\SYSTEM32\bcrypt.dll
0x00007ffffb930000 - 0x00007ffffb93c000 	C:\WINDOWS\SYSTEM32\CRYPTBASE.dll
0x00007ffffaab0000 - 0x00007ffffaae2000 	C:\WINDOWS\SYSTEM32\IPHLPAPI.DLL
0x00007fffff2e0000 - 0x00007fffff2ea000 	C:\WINDOWS\System32\NSI.dll
0x00007fffca280000 - 0x00007fffca289000 	C:\Users\harsh\.vscode\extensions\redhat.java-1.53.0-win32-x64\jre\21.0.10-win32-x86_64\bin\extnet.dll
0x00007fffca270000 - 0x00007fffca27e000 	C:\Users\harsh\.vscode\extensions\redhat.java-1.53.0-win32-x64\jre\21.0.10-win32-x86_64\bin\sunmscapi.dll
0x00007ffffc330000 - 0x00007ffffc4a7000 	C:\WINDOWS\System32\CRYPT32.dll
0x00007ffffbb30000 - 0x00007ffffbb60000 	C:\WINDOWS\SYSTEM32\ncrypt.dll
0x00007ffffbae0000 - 0x00007ffffbb1f000 	C:\WINDOWS\SYSTEM32\NTASN1.dll
0x00007fff99c30000 - 0x00007fff99c38000 	C:\WINDOWS\system32\wshunix.dll

JVMTI agents:
C:\Users\harsh\.gradle\wrapper\dists\gradle-8.8-all\6gdy1pgp427xkqcjbxw3ylt6h\gradle-8.8\lib\agents\gradle-instrumentation-agent-8.8.jar path:C:\Users\harsh\.vscode\extensions\redhat.java-1.53.0-win32-x64\jre\21.0.10-win32-x86_64\bin\instrument.dll, loaded, initialized, instrumentlib options:none

dbghelp: loaded successfully - version: 4.0.5 - missing functions: none
symbol engine: initialized successfully - sym options: 0x614 - pdb path: .;C:\Users\harsh\.vscode\extensions\redhat.java-1.53.0-win32-x64\jre\21.0.10-win32-x86_64\bin;C:\WINDOWS\SYSTEM32;C:\WINDOWS\WinSxS\amd64_microsoft.windows.common-controls_6595b64144ccf1df_6.0.26100.8115_none_3e075c82e3354f9c;C:\Users\harsh\.vscode\extensions\redhat.java-1.53.0-win32-x64\jre\21.0.10-win32-x86_64\bin\server;C:\Users\harsh\.gradle\native\c067742578af261105cb4f569cf0c3c89f3d7b1fecec35dd04571415982c5e48\windows-amd64;C:\Users\harsh\.gradle\native\100fb08df4bc3b14c8652ba06237920a3bd2aa13389f12d3474272988ae205f9\windows-amd64

VM Arguments:
jvm_args: --add-opens=java.base/java.util=ALL-UNNAMED --add-opens=java.base/java.lang=ALL-UNNAMED --add-opens=java.base/java.lang.invoke=ALL-UNNAMED --add-opens=java.prefs/java.util.prefs=ALL-UNNAMED --add-opens=java.base/java.nio.charset=ALL-UNNAMED --add-opens=java.base/java.net=ALL-UNNAMED --add-opens=java.base/java.util.concurrent.atomic=ALL-UNNAMED -XX:MaxMetaspaceSize=384m -XX:+HeapDumpOnOutOfMemoryError -Xms256m -Xmx512m -Dfile.encoding=utf8 -Duser.country=IN -Duser.language=en -Duser.variant -javaagent:C:\Users\harsh\.gradle\wrapper\dists\gradle-8.8-all\6gdy1pgp427xkqcjbxw3ylt6h\gradle-8.8\lib\agents\gradle-instrumentation-agent-8.8.jar 
java_command: org.gradle.launcher.daemon.bootstrap.GradleDaemon 8.8
java_class_path (initial): C:\Users\harsh\.gradle\wrapper\dists\gradle-8.8-all\6gdy1pgp427xkqcjbxw3ylt6h\gradle-8.8\lib\gradle-launcher-8.8.jar
Launcher Type: SUN_STANDARD

[Global flags]
     intx CICompilerCount                          = 4                                         {product} {ergonomic}
   size_t CompressedClassSpaceSize                 = 335544320                                 {product} {ergonomic}
     uint ConcGCThreads                            = 3                                         {product} {ergonomic}
     uint G1ConcRefinementThreads                  = 10                                        {product} {ergonomic}
   size_t G1HeapRegionSize                         = 1048576                                   {product} {ergonomic}
    uintx GCDrainStackTargetSize                   = 64                                        {product} {ergonomic}
     bool HeapDumpOnOutOfMemoryError               = true                                   {manageable} {command line}
   size_t InitialHeapSize                          = 268435456                                 {product} {command line}
   size_t MarkStackSize                            = 4194304                                   {product} {ergonomic}
   size_t MaxHeapSize                              = 536870912                                 {product} {command line}
   size_t MaxMetaspaceSize                         = 402653184                                 {product} {command line}
   size_t MaxNewSize                               = 321912832                                 {product} {ergonomic}
   size_t MinHeapDeltaBytes                        = 1048576                                   {product} {ergonomic}
   size_t MinHeapSize                              = 268435456                                 {product} {command line}
    uintx NonNMethodCodeHeapSize                   = 5839372                                {pd product} {ergonomic}
    uintx NonProfiledCodeHeapSize                  = 122909434                              {pd product} {ergonomic}
    uintx ProfiledCodeHeapSize                     = 122909434                              {pd product} {ergonomic}
    uintx ReservedCodeCacheSize                    = 251658240                              {pd product} {ergonomic}
     bool SegmentedCodeCache                       = true                                      {product} {ergonomic}
   size_t SoftMaxHeapSize                          = 536870912                              {manageable} {ergonomic}
     bool UseCompressedOops                        = true                           {product lp64_product} {ergonomic}
     bool UseG1GC                                  = true                                      {product} {ergonomic}
     bool UseLargePagesIndividualAllocation        = false                                  {pd product} {ergonomic}

Logging:
Log output configuration:
 #0: stdout all=warning uptime,level,tags foldmultilines=false
 #1: stderr all=off uptime,level,tags foldmultilines=false

Release file:
JAVA_VERSION="21.0.10" 
MODULES="java.base java.compiler java.datatransfer java.xml java.prefs java.desktop java.instrument java.logging java.management java.security.sasl java.naming java.rmi java.management.rmi java.net.http java.scripting java.security.jgss java.transaction.xa java.sql java.sql.rowset java.xml.crypto java.se java.smartcardio jdk.accessibility jdk.internal.jvmstat jdk.attach jdk.charsets jdk.internal.opt jdk.zipfs jdk.compiler jdk.crypto.ec jdk.crypto.cryptoki jdk.crypto.mscapi jdk.dynalink jdk.internal.ed jdk.editpad jdk.hotspot.agent jdk.httpserver jdk.internal.le jdk.internal.vm.ci jdk.internal.vm.compiler jdk.internal.vm.compiler.management jdk.jartool jdk.javadoc jdk.jcmd jdk.management jdk.management.agent jdk.jconsole jdk.jdeps jdk.jdwp.agent jdk.jdi jdk.jfr jdk.jshell jdk.jsobject jdk.jstatd jdk.localedata jdk.management.jfr jdk.naming.dns jdk.naming.rmi jdk.net jdk.nio.mapmode jdk.random jdk.sctp jdk.security.auth jdk.security.jgss jdk.unsupported jdk.unsupported.desktop jdk.xml.dom" 

Environment Variables:
JAVA_HOME=C:\Program Files\Java\jdk-21
PATH=C:\Users\harsh\AppData\Local\Programs\Microsoft VS Code;C:\Program Files\Eclipse Adoptium\jdk-11.0.29.7-hotspot\bin;C:\Program Files\Python313\Scripts\;C:\Program Files\Python313\;C:\Program Files\Common Files\Oracle\Java\javapath;C:\WINDOWS\system32;C:\WINDOWS;C:\WINDOWS\System32\Wbem;C:\WINDOWS\System32\WindowsPowerShell\v1.0\;C:\WINDOWS\System32\OpenSSH\;C:\Program Files\Java\jdk-21\bin;C:\Program Files\nodejs\;C:\Program Files\Git\cmd;C:\Program Files\Docker\Docker\resources\bin;C:\Program Files\Go\bin;C:\flutter_windows_3.32.8-stable\flutter\bin\;C:\platform-tools;C:\Program Files\MySQL\MySQL Shell 8.0\bin\;C:\Users\harsh\AppData\Local\Microsoft\WindowsApps;C:\MinGW\bin;C:\Users\harsh\AppData\Roaming\npm;C:\Program Files\MongoDB\Server\7.0\bin;C:\Users\harsh\AppData\Local\GitHubDesktop\bin;C:\Users\harsh\AppData\Local\Programs\Microsoft VS Code\bin;C:\Users\harsh\AppData\Local\Microsoft\WindowsApps\python.exe;C:\users\harsh\appdata\roaming\python\python313\site-packages\git_filter_repo.py;C:\Users\harsh\AppData\Local\Programs\cursor\resources\app\bin;C:\Users\harsh\flutter_windows_3.32.6-stable\flutter\bin;C:\Program Files\MongoDB\Server\7.0\bin;C:\Users\harsh\go\bin;C:\Users\harsh\AppData\Local\Programs\Antigravity\bin
USERNAME=harsh
OS=Windows_NT
PROCESSOR_IDENTIFIER=AMD64 Family 25 Model 80 Stepping 0, AuthenticAMD
TMP=C:\Users\harsh\AppData\Local\Temp
TEMP=C:\Users\harsh\AppData\Local\Temp




Periodic native trim disabled

---------------  S Y S T E M  ---------------

OS:
 Windows 11 , 64 bit Build 26100 (10.0.26100.8115)
OS uptime: 0 days 19:29 hours
Hyper-V role detected

CPU: total 12 (initial active 12) (12 cores per cpu, 2 threads per core) family 25 model 80 stepping 0 microcode 0xa50000d, cx8, cmov, fxsr, ht, mmx, 3dnowpref, sse, sse2, sse3, ssse3, sse4a, sse4.1, sse4.2, popcnt, lzcnt, tsc, tscinvbit, avx, avx2, aes, erms, clmul, bmi1, bmi2, adx, sha, fma, vzeroupper, clflush, clflushopt, hv, rdtscp, rdpid, fsrm, f16c, cet_ss
Processor Information for processor 0
  Max Mhz: 3301, Current Mhz: 1908, Mhz Limit: 3301
Processor Information for processor 1
  Max Mhz: 3301, Current Mhz: 1908, Mhz Limit: 3301
Processor Information for processor 2
  Max Mhz: 3301, Current Mhz: 1908, Mhz Limit: 3301
Processor Information for processor 3
  Max Mhz: 3301, Current Mhz: 1908, Mhz Limit: 3301
Processor Information for processor 4
  Max Mhz: 3301, Current Mhz: 1908, Mhz Limit: 3301
Processor Information for processor 5
  Max Mhz: 3301, Current Mhz: 1908, Mhz Limit: 3301
Processor Information for processor 6
  Max Mhz: 3301, Current Mhz: 1805, Mhz Limit: 3301
Processor Information for processor 7
  Max Mhz: 3301, Current Mhz: 1908, Mhz Limit: 3301
Processor Information for processor 8
  Max Mhz: 3301, Current Mhz: 1908, Mhz Limit: 3301
Processor Information for processor 9
  Max Mhz: 3301, Current Mhz: 1805, Mhz Limit: 3301
Processor Information for processor 10
  Max Mhz: 3301, Current Mhz: 1805, Mhz Limit: 3301
Processor Information for processor 11
  Max Mhz: 3301, Current Mhz: 1805, Mhz Limit: 3301

Memory: 4k page, system-wide physical 7581M (519M free)
TotalPageFile size 31133M (AvailPageFile size 113M)
current process WorkingSet (physical memory assigned to process): 356M, peak: 400M
current process commit charge ("private bytes"): 493M, peak: 532M

vm_info: OpenJDK 64-Bit Server VM (21.0.10+7-LTS) for windows-amd64 JRE (21.0.10+7-LTS), built on 2026-01-20T00:00:00Z by "admin" with MS VC++ 17.12 (VS2022)

END.
